This is pdfTeX, Version 3.14159265-2.6-1.40.19 (MiKTeX 2.9.6930 64-bit) (preloaded format=pdflatex 2019.3.31)  7 JUL 2019 15:11
entering extended mode
**./main.tex
(main.tex
LaTeX2e <2018-12-01>
("C:\Users\Raffo\AppData\Local\Programs\MiKTeX 2.9\tex/latex/base\report.cls"
Document Class: report 2018/09/03 v1.4i Standard LaTeX document class
("C:\Users\Raffo\AppData\Local\Programs\MiKTeX 2.9\tex/latex/base\size11.clo"
File: size11.clo 2018/09/03 v1.4i Standard LaTeX file (size option)
)
\c@part=\count80
\c@chapter=\count81
\c@section=\count82
\c@subsection=\count83
\c@subsubsection=\count84
\c@paragraph=\count85
\c@subparagraph=\count86
\c@figure=\count87
\c@table=\count88
\abovecaptionskip=\skip41
\belowcaptionskip=\skip42
\bibindent=\dimen102
) ("C:\Users\Raffo\AppData\Local\Programs\MiKTeX 2.9\tex/generic/babel\babel.st
y"
Package: babel 2018/11/13 3.27 The Babel package

("C:\Users\Raffo\AppData\Local\Programs\MiKTeX 2.9\tex/generic/babel\switch.def
"
File: switch.def 2018/11/13 3.27 Babel switching mechanism
)
*************************************
* Local config file bblopts.cfg used
*
("C:\Users\Raffo\AppData\Local\Programs\MiKTeX 2.9\tex/latex/arabi\bblopts.cfg"
File: bblopts.cfg 2005/09/08 v0.1 add Arabic and Farsi to "declared" options of
 babel
)
("C:\Users\Raffo\AppData\Local\Programs\MiKTeX 2.9\tex/latex/babel-english\brit
ish.ldf"
Language: british 2017/06/06 v3.3r English support from the babel system

("C:\Users\Raffo\AppData\Local\Programs\MiKTeX 2.9\tex/latex/babel-english\engl
ish.ldf"
Language: english 2017/06/06 v3.3r English support from the babel system

("C:\Users\Raffo\AppData\Local\Programs\MiKTeX 2.9\tex/generic/babel\babel.def"
File: babel.def 2018/11/13 3.27 Babel common definitions
\babel@savecnt=\count89
\U@D=\dimen103

("C:\Users\Raffo\AppData\Local\Programs\MiKTeX 2.9\tex/generic/babel\txtbabel.d
ef")
\bbl@dirlevel=\count90
)
\l@canadian = a dialect from \language\l@american 
\l@australian = a dialect from \language\l@british 
\l@newzealand = a dialect from \language\l@british 
)))
("C:\Users\Raffo\AppData\Local\Programs\MiKTeX 2.9\tex/latex/base\inputenc.sty"
Package: inputenc 2018/08/11 v1.3c Input encoding file
\inpenc@prehook=\toks14
\inpenc@posthook=\toks15
("C:\Users\Raffo\AppData\Local\Programs\MiKTeX 2.9\tex/latex/ucs\utf8x.def"
File: utf8x.def 2004/10/17 UCS: Input encoding UTF-8
))
("C:\Users\Raffo\AppData\Local\Programs\MiKTeX 2.9\tex/latex/ucs\ucs.sty"
Package: ucs 2013/05/11 v2.2 UCS: Unicode input support

("C:\Users\Raffo\AppData\Local\Programs\MiKTeX 2.9\tex/latex/ucs\uni-global.def
"
File: uni-global.def 2013/05/13 UCS: Unicode global data
)
\uc@secondtry=\count91
\uc@combtoks=\toks16
\uc@combtoksb=\toks17
\uc@temptokena=\toks18
)
("C:\Users\Raffo\AppData\Local\Programs\MiKTeX 2.9\tex/latex/amsmath\amsmath.st
y"
Package: amsmath 2018/12/01 v2.17b AMS math features
\@mathmargin=\skip43

For additional information on amsmath, use the `?' option.

("C:\Users\Raffo\AppData\Local\Programs\MiKTeX 2.9\tex/latex/amsmath\amstext.st
y"
Package: amstext 2000/06/29 v2.01 AMS text

("C:\Users\Raffo\AppData\Local\Programs\MiKTeX 2.9\tex/latex/amsmath\amsgen.sty
"
File: amsgen.sty 1999/11/30 v2.0 generic functions
\@emptytoks=\toks19
\ex@=\dimen104
))
("C:\Users\Raffo\AppData\Local\Programs\MiKTeX 2.9\tex/latex/amsmath\amsbsy.sty
"
Package: amsbsy 1999/11/29 v1.2d Bold Symbols
\pmbraise@=\dimen105
)
("C:\Users\Raffo\AppData\Local\Programs\MiKTeX 2.9\tex/latex/amsmath\amsopn.sty
"
Package: amsopn 2016/03/08 v2.02 operator names
)
\inf@bad=\count92
LaTeX Info: Redefining \frac on input line 223.
\uproot@=\count93
\leftroot@=\count94
LaTeX Info: Redefining \overline on input line 385.
\classnum@=\count95
\DOTSCASE@=\count96
LaTeX Info: Redefining \ldots on input line 482.
LaTeX Info: Redefining \dots on input line 485.
LaTeX Info: Redefining \cdots on input line 606.
\Mathstrutbox@=\box27
\strutbox@=\box28
\big@size=\dimen106
LaTeX Font Info:    Redeclaring font encoding OML on input line 729.
LaTeX Font Info:    Redeclaring font encoding OMS on input line 730.
\macc@depth=\count97
\c@MaxMatrixCols=\count98
\dotsspace@=\muskip10
\c@parentequation=\count99
\dspbrk@lvl=\count100
\tag@help=\toks20
\row@=\count101
\column@=\count102
\maxfields@=\count103
\andhelp@=\toks21
\eqnshift@=\dimen107
\alignsep@=\dimen108
\tagshift@=\dimen109
\tagwidth@=\dimen110
\totwidth@=\dimen111
\lineht@=\dimen112
\@envbody=\toks22
\multlinegap=\skip44
\multlinetaggap=\skip45
\mathdisplay@stack=\toks23
LaTeX Info: Redefining \[ on input line 2844.
LaTeX Info: Redefining \] on input line 2845.
)
("C:\Users\Raffo\AppData\Local\Programs\MiKTeX 2.9\tex/latex/amscls\amsthm.sty"
Package: amsthm 2017/10/31 v2.20.4
\thm@style=\toks24
\thm@bodyfont=\toks25
\thm@headfont=\toks26
\thm@notefont=\toks27
\thm@headpunct=\toks28
\thm@preskip=\skip46
\thm@postskip=\skip47
\thm@headsep=\skip48
\dth@everypar=\toks29
)
("C:\Users\Raffo\AppData\Local\Programs\MiKTeX 2.9\tex/latex/amsfonts\amssymb.s
ty"
Package: amssymb 2013/01/14 v3.01 AMS font symbols

("C:\Users\Raffo\AppData\Local\Programs\MiKTeX 2.9\tex/latex/amsfonts\amsfonts.
sty"
Package: amsfonts 2013/01/14 v3.01 Basic AMSFonts support
\symAMSa=\mathgroup4
\symAMSb=\mathgroup5
LaTeX Font Info:    Overwriting math alphabet `\mathfrak' in version `bold'
(Font)                  U/euf/m/n --> U/euf/b/n on input line 106.
))
("C:\Users\Raffo\AppData\Local\Programs\MiKTeX 2.9\tex/latex/graphics\graphicx.
sty"
Package: graphicx 2017/06/01 v1.1a Enhanced LaTeX Graphics (DPC,SPQR)

("C:\Users\Raffo\AppData\Local\Programs\MiKTeX 2.9\tex/latex/graphics\keyval.st
y"
Package: keyval 2014/10/28 v1.15 key=value parser (DPC)
\KV@toks@=\toks30
)
("C:\Users\Raffo\AppData\Local\Programs\MiKTeX 2.9\tex/latex/graphics\graphics.
sty"
Package: graphics 2017/06/25 v1.2c Standard LaTeX Graphics (DPC,SPQR)

("C:\Users\Raffo\AppData\Local\Programs\MiKTeX 2.9\tex/latex/graphics\trig.sty"
Package: trig 2016/01/03 v1.10 sin cos tan (DPC)
)
("C:\Users\Raffo\AppData\Local\Programs\MiKTeX 2.9\tex/latex/graphics-cfg\graph
ics.cfg"
File: graphics.cfg 2016/06/04 v1.11 sample graphics configuration
)
Package graphics Info: Driver file: pdftex.def on input line 99.

("C:\Users\Raffo\AppData\Local\Programs\MiKTeX 2.9\tex/latex/graphics-def\pdfte
x.def"
File: pdftex.def 2018/01/08 v1.0l Graphics/color driver for pdftex
))
\Gin@req@height=\dimen113
\Gin@req@width=\dimen114
)
("C:\Users\Raffo\AppData\Local\Programs\MiKTeX 2.9\tex/latex/siunitx\siunitx.st
y"
("C:\Users\Raffo\AppData\Local\Programs\MiKTeX 2.9\tex/latex/l3kernel\expl3.sty
"
Package: expl3 2019-03-26 L3 programming layer (loader) 

("C:\Users\Raffo\AppData\Local\Programs\MiKTeX 2.9\tex/latex/l3kernel\expl3-cod
e.tex"
Package: expl3 2019-03-26 L3 programming layer (code)
\c_max_int=\count104
\l_tmpa_int=\count105
\l_tmpb_int=\count106
\g_tmpa_int=\count107
\g_tmpb_int=\count108
\g__kernel_prg_map_int=\count109
\c__ior_term_ior=\count110
\c_log_iow=\count111
\l_iow_line_count_int=\count112
\l__iow_line_target_int=\count113
\l__iow_one_indent_int=\count114
\l__iow_indent_int=\count115
\c_zero_dim=\dimen115
\c_max_dim=\dimen116
\l_tmpa_dim=\dimen117
\l_tmpb_dim=\dimen118
\g_tmpa_dim=\dimen119
\g_tmpb_dim=\dimen120
\c_zero_skip=\skip49
\c_max_skip=\skip50
\l_tmpa_skip=\skip51
\l_tmpb_skip=\skip52
\g_tmpa_skip=\skip53
\g_tmpb_skip=\skip54
\c_zero_muskip=\muskip11
\c_max_muskip=\muskip12
\l_tmpa_muskip=\muskip13
\l_tmpb_muskip=\muskip14
\g_tmpa_muskip=\muskip15
\g_tmpb_muskip=\muskip16
\l_keys_choice_int=\count116
\l__intarray_loop_int=\count117
\c__intarray_sp_dim=\dimen121
\g__intarray_font_int=\count118
\c__fp_leading_shift_int=\count119
\c__fp_middle_shift_int=\count120
\c__fp_trailing_shift_int=\count121
\c__fp_big_leading_shift_int=\count122
\c__fp_big_middle_shift_int=\count123
\c__fp_big_trailing_shift_int=\count124
\c__fp_Bigg_leading_shift_int=\count125
\c__fp_Bigg_middle_shift_int=\count126
\c__fp_Bigg_trailing_shift_int=\count127
\c__kernel_randint_max_int=\count128
\g__fp_array_int=\count129
\l__fp_array_loop_int=\count130
\l__sort_length_int=\count131
\l__sort_min_int=\count132
\l__sort_top_int=\count133
\l__sort_max_int=\count134
\l__sort_true_max_int=\count135
\l__sort_block_int=\count136
\l__sort_begin_int=\count137
\l__sort_end_int=\count138
\l__sort_A_int=\count139
\l__sort_B_int=\count140
\l__sort_C_int=\count141
\l__tl_analysis_normal_int=\count142
\l__tl_analysis_index_int=\count143
\l__tl_analysis_nesting_int=\count144
\l__tl_analysis_type_int=\count145
\l__regex_internal_a_int=\count146
\l__regex_internal_b_int=\count147
\l__regex_internal_c_int=\count148
\l__regex_balance_int=\count149
\l__regex_group_level_int=\count150
\l__regex_mode_int=\count151
\c__regex_cs_in_class_mode_int=\count152
\c__regex_cs_mode_int=\count153
\l__regex_catcodes_int=\count154
\l__regex_default_catcodes_int=\count155
\c__regex_catcode_D_int=\count156
\c__regex_catcode_S_int=\count157
\c__regex_catcode_L_int=\count158
\c__regex_catcode_O_int=\count159
\c__regex_catcode_A_int=\count160
\c__regex_all_catcodes_int=\count161
\l__regex_show_lines_int=\count162
\l__regex_min_state_int=\count163
\l__regex_max_state_int=\count164
\l__regex_left_state_int=\count165
\l__regex_right_state_int=\count166
\l__regex_capturing_group_int=\count167
\l__regex_min_pos_int=\count168
\l__regex_max_pos_int=\count169
\l__regex_curr_pos_int=\count170
\l__regex_start_pos_int=\count171
\l__regex_success_pos_int=\count172
\l__regex_curr_char_int=\count173
\l__regex_curr_catcode_int=\count174
\l__regex_last_char_int=\count175
\l__regex_case_changed_char_int=\count176
\l__regex_curr_state_int=\count177
\l__regex_step_int=\count178
\l__regex_min_active_int=\count179
\l__regex_max_active_int=\count180
\l__regex_replacement_csnames_int=\count181
\l__regex_match_count_int=\count182
\l__regex_min_submatch_int=\count183
\l__regex_submatch_int=\count184
\l__regex_zeroth_submatch_int=\count185
\g__regex_trace_regex_int=\count186
\c_empty_box=\box29
\l_tmpa_box=\box30
\l_tmpb_box=\box31
\g_tmpa_box=\box32
\g_tmpb_box=\box33
\l__box_top_dim=\dimen122
\l__box_bottom_dim=\dimen123
\l__box_left_dim=\dimen124
\l__box_right_dim=\dimen125
\l__box_top_new_dim=\dimen126
\l__box_bottom_new_dim=\dimen127
\l__box_left_new_dim=\dimen128
\l__box_right_new_dim=\dimen129
\l__box_internal_box=\box34
\l__coffin_internal_box=\box35
\l__coffin_internal_dim=\dimen130
\l__coffin_offset_x_dim=\dimen131
\l__coffin_offset_y_dim=\dimen132
\l__coffin_x_dim=\dimen133
\l__coffin_y_dim=\dimen134
\l__coffin_x_prime_dim=\dimen135
\l__coffin_y_prime_dim=\dimen136
\c_empty_coffin=\box36
\l__coffin_aligned_coffin=\box37
\l__coffin_aligned_internal_coffin=\box38
\l_tmpa_coffin=\box39
\l_tmpb_coffin=\box40
\g_tmpa_coffin=\box41
\g_tmpb_coffin=\box42
\l__coffin_bounding_shift_dim=\dimen137
\l__coffin_left_corner_dim=\dimen138
\l__coffin_right_corner_dim=\dimen139
\l__coffin_bottom_corner_dim=\dimen140
\l__coffin_top_corner_dim=\dimen141
\l__coffin_scaled_total_height_dim=\dimen142
\l__coffin_scaled_width_dim=\dimen143
\c__coffin_empty_coffin=\box43
\l__coffin_display_coffin=\box44
\l__coffin_display_coord_coffin=\box45
\l__coffin_display_pole_coffin=\box46
\l__coffin_display_offset_dim=\dimen144
\l__coffin_display_x_dim=\dimen145
\l__coffin_display_y_dim=\dimen146
\g__file_internal_ior=\read1
\l__seq_internal_a_int=\count187
\l__seq_internal_b_int=\count188
\c__deprecation_minus_one=\count189
)
("C:\Users\Raffo\AppData\Local\Programs\MiKTeX 2.9\tex/latex/l3kernel\l3pdfmode
.def"
File: l3pdfmode.def 2019-03-26 v L3 Experimental driver: PDF mode
\l__driver_color_stack_int=\count190
))
("C:\Users\Raffo\AppData\Local\Programs\MiKTeX 2.9\tex/latex/l3packages/xparse\
xparse.sty"
Package: xparse 2019-03-05 L3 Experimental document command parser
\l__xparse_current_arg_int=\count191
\g__xparse_grabber_int=\count192
\l__xparse_m_args_int=\count193
\l__xparse_v_nesting_int=\count194
)
Package: siunitx 2018/05/17 v2.7s A comprehensive (SI) units package

("C:\Users\Raffo\AppData\Local\Programs\MiKTeX 2.9\tex/latex/tools\array.sty"
Package: array 2018/11/13 v2.4j Tabular extension package (FMi)
\col@sep=\dimen147
\ar@mcellbox=\box47
\extrarowheight=\dimen148
\NC@list=\toks31
\extratabsurround=\skip55
\backup@length=\skip56
\ar@cellbox=\box48
)
("C:\Users\Raffo\AppData\Local\Programs\MiKTeX 2.9\tex/latex/l3packages/l3keys2
e\l3keys2e.sty"
Package: l3keys2e 2019-03-05 LaTeX2e option processing using LaTeX3 keys
)
\l__siunitx_tmp_box=\box49
\l__siunitx_tmp_dim=\dimen149
\l__siunitx_tmp_int=\count195
\l__siunitx_number_mantissa_length_int=\count196
\l__siunitx_number_uncert_length_int=\count197
\l__siunitx_round_int=\count198
\l__siunitx_process_decimal_int=\count199
\l__siunitx_process_uncertainty_int=\count266
\l__siunitx_process_fixed_int=\count267
\l__siunitx_process_integer_min_int=\count268
\l__siunitx_process_precision_int=\count269
\l__siunitx_group_min_int=\count270
\l__siunitx_angle_marker_box=\box50
\l__siunitx_angle_unit_box=\box51
\l__siunitx_angle_marker_dim=\dimen150
\l__siunitx_angle_unit_dim=\dimen151
\l__siunitx_unit_int=\count271
\l__siunitx_unit_denominator_int=\count272
\l__siunitx_unit_numerator_int=\count273
\l__siunitx_unit_prefix_int=\count274
\l__siunitx_unit_prefix_base_int=\count275
\l__siunitx_unit_prefix_gram_int=\count276
\l__siunitx_number_product_int=\count277
\c__siunitx_one_fill_skip=\skip57
\l__siunitx_table_unit_align_skip=\skip58
\l__siunitx_table_exponent_dim=\dimen152
\l__siunitx_table_integer_dim=\dimen153
\l__siunitx_table_mantissa_dim=\dimen154
\l__siunitx_table_marker_dim=\dimen155
\l__siunitx_table_result_dim=\dimen156
\l__siunitx_table_uncert_dim=\dimen157
\l__siunitx_table_fill_pre_dim=\dimen158
\l__siunitx_table_fill_post_dim=\dimen159
\l__siunitx_table_fill_mid_dim=\dimen160
\l__siunitx_table_pre_box=\box52
\l__siunitx_table_post_box=\box53
\l__siunitx_table_mantissa_box=\box54
\l__siunitx_table_result_box=\box55
\l__siunitx_table_number_align_skip=\skip59
\l__siunitx_table_text_align_skip=\skip60

("C:\Users\Raffo\AppData\Local\Programs\MiKTeX 2.9\tex/latex/translator\transla
tor.sty"
Package: translator 2018/01/04 v1.12 Easy translation of strings in LaTeX
))
("C:\Users\Raffo\AppData\Local\Programs\MiKTeX 2.9\tex/latex/xcolor\xcolor.sty"
Package: xcolor 2016/05/11 v2.12 LaTeX color extensions (UK)

("C:\Users\Raffo\AppData\Local\Programs\MiKTeX 2.9\tex/latex/graphics-cfg\color
.cfg"
File: color.cfg 2016/01/02 v1.6 sample color configuration
)
Package xcolor Info: Driver file: pdftex.def on input line 225.

("C:\Users\Raffo\AppData\Local\Programs\MiKTeX 2.9\tex/latex/colortbl\colortbl.
sty"
Package: colortbl 2018/12/12 v1.0d Color table columns (DPC)
\everycr=\toks32
\minrowclearance=\skip61
)
\rownum=\count278
Package xcolor Info: Model `cmy' substituted by `cmy0' on input line 1348.
Package xcolor Info: Model `hsb' substituted by `rgb' on input line 1352.
Package xcolor Info: Model `RGB' extended on input line 1364.
Package xcolor Info: Model `HTML' substituted by `rgb' on input line 1366.
Package xcolor Info: Model `Hsb' substituted by `hsb' on input line 1367.
Package xcolor Info: Model `tHsb' substituted by `hsb' on input line 1368.
Package xcolor Info: Model `HSB' substituted by `hsb' on input line 1369.
Package xcolor Info: Model `Gray' substituted by `gray' on input line 1370.
Package xcolor Info: Model `wave' substituted by `hsb' on input line 1371.
)
("C:\Users\Raffo\AppData\Local\Programs\MiKTeX 2.9\tex/latex/units\units.sty"
Package: units 1998/08/04 v0.9b Typesetting units

("C:\Users\Raffo\AppData\Local\Programs\MiKTeX 2.9\tex/latex/base\ifthen.sty"
Package: ifthen 2014/09/29 v1.1c Standard LaTeX ifthen package (DPC)
)
("C:\Users\Raffo\AppData\Local\Programs\MiKTeX 2.9\tex/latex/units\nicefrac.sty
"
Package: nicefrac 1998/08/04 v0.9b Nice fractions
\L@UnitsRaiseDisplaystyle=\skip62
\L@UnitsRaiseTextstyle=\skip63
\L@UnitsRaiseScriptstyle=\skip64
))
("C:\Users\Raffo\AppData\Local\Programs\MiKTeX 2.9\tex/latex/tools\verbatim.sty
"
Package: verbatim 2014/10/28 v1.5q LaTeX2e package for verbatim enhancements
\every@verbatim=\toks33
\verbatim@line=\toks34
\verbatim@in@stream=\read2
)
("C:\Users\Raffo\AppData\Local\Programs\MiKTeX 2.9\tex/latex/oberdiek\pdflscape
.sty"
Package: pdflscape 2016/05/14 v0.11 Display of landscape pages in PDF (HO)

("C:\Users\Raffo\AppData\Local\Programs\MiKTeX 2.9\tex/latex/graphics\lscape.st
y"
Package: lscape 2000/10/22 v3.01 Landscape Pages (DPC)
)
("C:\Users\Raffo\AppData\Local\Programs\MiKTeX 2.9\tex/generic/oberdiek\ifpdf.s
ty"
Package: ifpdf 2018/09/07 v3.3 Provides the ifpdf switch
)
Package pdflscape Info: Auto-detected driver: pdftex on input line 81.

("C:\Users\Raffo\AppData\Local\Programs\MiKTeX 2.9\tex/generic/ifxetex\ifxetex.
sty"
Package: ifxetex 2010/09/12 v0.6 Provides ifxetex conditional
)) ("C:\Users\Raffo\AppData\Local\Programs\MiKTeX 2.9\tex/latex/tools\bm.sty"
Package: bm 2017/01/16 v1.2c Bold Symbol Support (DPC/FMi)
\symboldoperators=\mathgroup6
\symboldletters=\mathgroup7
\symboldsymbols=\mathgroup8
LaTeX Font Info:    Redeclaring math alphabet \mathbf on input line 141.
LaTeX Info: Redefining \bm on input line 207.
)
("C:\Users\Raffo\AppData\Local\Programs\MiKTeX 2.9\tex/latex/oberdiek\epstopdf.
sty"
Package: epstopdf 2016/05/15 v2.6 Conversion with epstopdf on the fly (HO)

("C:\Users\Raffo\AppData\Local\Programs\MiKTeX 2.9\tex/latex/oberdiek\epstopdf-
base.sty"
Package: epstopdf-base 2016/05/15 v2.6 Base part for package epstopdf

("C:\Users\Raffo\AppData\Local\Programs\MiKTeX 2.9\tex/generic/oberdiek\infware
rr.sty"
Package: infwarerr 2016/05/16 v1.4 Providing info/warning/error messages (HO)
)
("C:\Users\Raffo\AppData\Local\Programs\MiKTeX 2.9\tex/latex/oberdiek\grfext.st
y"
Package: grfext 2016/05/16 v1.2 Manage graphics extensions (HO)

("C:\Users\Raffo\AppData\Local\Programs\MiKTeX 2.9\tex/generic/oberdiek\kvdefin
ekeys.sty"
Package: kvdefinekeys 2016/05/16 v1.4 Define keys (HO)

("C:\Users\Raffo\AppData\Local\Programs\MiKTeX 2.9\tex/generic/oberdiek\ltxcmds
.sty"
Package: ltxcmds 2016/05/16 v1.23 LaTeX kernel commands for general use (HO)
)))
("C:\Users\Raffo\AppData\Local\Programs\MiKTeX 2.9\tex/latex/oberdiek\kvoptions
.sty"
Package: kvoptions 2016/05/16 v3.12 Key value format for package options (HO)

("C:\Users\Raffo\AppData\Local\Programs\MiKTeX 2.9\tex/generic/oberdiek\kvsetke
ys.sty"
Package: kvsetkeys 2016/05/16 v1.17 Key value parser (HO)

("C:\Users\Raffo\AppData\Local\Programs\MiKTeX 2.9\tex/generic/oberdiek\etexcmd
s.sty"
Package: etexcmds 2016/05/16 v1.6 Avoid name clashes with e-TeX commands (HO)

("C:\Users\Raffo\AppData\Local\Programs\MiKTeX 2.9\tex/generic/oberdiek\ifluate
x.sty"
Package: ifluatex 2016/05/16 v1.4 Provides the ifluatex switch (HO)
Package ifluatex Info: LuaTeX not detected.
))))
("C:\Users\Raffo\AppData\Local\Programs\MiKTeX 2.9\tex/generic/oberdiek\pdftexc
mds.sty"
Package: pdftexcmds 2018/09/10 v0.29 Utility functions of pdfTeX for LuaTeX (HO
)
Package pdftexcmds Info: LuaTeX not detected.
Package pdftexcmds Info: \pdf@primitive is available.
Package pdftexcmds Info: \pdf@ifprimitive is available.
Package pdftexcmds Info: \pdfdraftmode found.
)
Package epstopdf-base Info: Redefining graphics rule for `.eps' on input line 4
38.
Package grfext Info: Graphics extension search list:
(grfext)             [.pdf,.png,.jpg,.mps,.jpeg,.jbig2,.jb2,.PDF,.PNG,.JPG,.JPE
G,.JBIG2,.JB2,.eps]
(grfext)             \AppendGraphicsExtensions on input line 456.
))
("C:\Users\Raffo\AppData\Local\Programs\MiKTeX 2.9\tex/latex/listings\listings.
sty"
\lst@mode=\count279
\lst@gtempboxa=\box56
\lst@token=\toks35
\lst@length=\count280
\lst@currlwidth=\dimen161
\lst@column=\count281
\lst@pos=\count282
\lst@lostspace=\dimen162
\lst@width=\dimen163
\lst@newlines=\count283
\lst@lineno=\count284
\lst@maxwidth=\dimen164

("C:\Users\Raffo\AppData\Local\Programs\MiKTeX 2.9\tex/latex/listings\lstmisc.s
ty"
File: lstmisc.sty 2019/02/27 1.8b (Carsten Heinz)
\c@lstnumber=\count285
\lst@skipnumbers=\count286
\lst@framebox=\box57
)
("C:\Users\Raffo\AppData\Local\Programs\MiKTeX 2.9\tex/latex/listings\listings.
cfg"
File: listings.cfg 2019/02/27 1.8b listings configuration
))
Package: listings 2019/02/27 1.8b (Carsten Heinz)

("C:\Users\Raffo\AppData\Local\Programs\MiKTeX 2.9\tex/latex/multirow\multirow.
sty"
Package: multirow 2019/01/01 v2.4 Span multiple rows of a table
\multirow@colwidth=\skip65
\multirow@cntb=\count287
\multirow@dima=\skip66
\bigstrutjot=\dimen165
)
("C:\Users\Raffo\AppData\Local\Programs\MiKTeX 2.9\tex/latex/booktabs\booktabs.
sty"
Package: booktabs 2005/04/14 v1.61803 publication quality tables
\heavyrulewidth=\dimen166
\lightrulewidth=\dimen167
\cmidrulewidth=\dimen168
\belowrulesep=\dimen169
\belowbottomsep=\dimen170
\aboverulesep=\dimen171
\abovetopsep=\dimen172
\cmidrulesep=\dimen173
\cmidrulekern=\dimen174
\defaultaddspace=\dimen175
\@cmidla=\count288
\@cmidlb=\count289
\@aboverulesep=\dimen176
\@belowrulesep=\dimen177
\@thisruleclass=\count290
\@lastruleclass=\count291
\@thisrulewidth=\dimen178
)
("C:\Users\Raffo\AppData\Local\Programs\MiKTeX 2.9\tex/latex/enumitem\enumitem.
sty"
Package: enumitem 2019/02/04 v3.8 Customized lists
\labelindent=\skip67
\enit@outerparindent=\dimen179
\enit@toks=\toks36
\enit@inbox=\box58
\enit@count@id=\count292
\enitdp@description=\count293
)
("C:\Users\Raffo\AppData\Local\Programs\MiKTeX 2.9\tex/latex/hyperref\hyperref.
sty"
Package: hyperref 2018/11/30 v6.88e Hypertext links for LaTeX

("C:\Users\Raffo\AppData\Local\Programs\MiKTeX 2.9\tex/generic/oberdiek\hobsub-
hyperref.sty"
Package: hobsub-hyperref 2016/05/16 v1.14 Bundle oberdiek, subset hyperref (HO)


("C:\Users\Raffo\AppData\Local\Programs\MiKTeX 2.9\tex/generic/oberdiek\hobsub-
generic.sty"
Package: hobsub-generic 2016/05/16 v1.14 Bundle oberdiek, subset generic (HO)
Package: hobsub 2016/05/16 v1.14 Construct package bundles (HO)
Package hobsub Info: Skipping package `infwarerr' (already loaded).
Package hobsub Info: Skipping package `ltxcmds' (already loaded).
Package hobsub Info: Skipping package `ifluatex' (already loaded).
Package: ifvtex 2016/05/16 v1.6 Detect VTeX and its facilities (HO)
Package ifvtex Info: VTeX not detected.
Package: intcalc 2016/05/16 v1.2 Expandable calculations with integers (HO)
Package hobsub Info: Skipping package `ifpdf' (already loaded).
Package hobsub Info: Skipping package `etexcmds' (already loaded).
Package hobsub Info: Skipping package `kvsetkeys' (already loaded).
Package hobsub Info: Skipping package `kvdefinekeys' (already loaded).
Package hobsub Info: Skipping package `pdftexcmds' (already loaded).
Package: pdfescape 2016/05/16 v1.14 Implements pdfTeX's escape features (HO)
Package: bigintcalc 2016/05/16 v1.4 Expandable calculations on big integers (HO
)
Package: bitset 2016/05/16 v1.2 Handle bit-vector datatype (HO)
Package: uniquecounter 2016/05/16 v1.3 Provide unlimited unique counter (HO)
)
Package hobsub Info: Skipping package `hobsub' (already loaded).
Package: letltxmacro 2016/05/16 v1.5 Let assignment for LaTeX macros (HO)
Package: hopatch 2016/05/16 v1.3 Wrapper for package hooks (HO)
Package: xcolor-patch 2016/05/16 xcolor patch
Package: atveryend 2016/05/16 v1.9 Hooks at the very end of document (HO)
Package atveryend Info: \enddocument detected (standard20110627).
Package: atbegshi 2016/06/09 v1.18 At begin shipout hook (HO)
Package: refcount 2016/05/16 v3.5 Data extraction from label references (HO)
Package: hycolor 2016/05/16 v1.8 Color options for hyperref/bookmark (HO)
)
("C:\Users\Raffo\AppData\Local\Programs\MiKTeX 2.9\tex/latex/oberdiek\auxhook.s
ty"
Package: auxhook 2016/05/16 v1.4 Hooks for auxiliary files (HO)
)
\@linkdim=\dimen180
\Hy@linkcounter=\count294
\Hy@pagecounter=\count295

("C:\Users\Raffo\AppData\Local\Programs\MiKTeX 2.9\tex/latex/hyperref\pd1enc.de
f"
File: pd1enc.def 2018/11/30 v6.88e Hyperref: PDFDocEncoding definition (HO)
)
\Hy@SavedSpaceFactor=\count296

("C:\Users\Raffo\AppData\Local\Programs\MiKTeX 2.9\tex/latex/00miktex\hyperref.
cfg"
File: hyperref.cfg 2002/06/06 v1.2 hyperref configuration of TeXLive
)
Package hyperref Info: Hyper figures OFF on input line 4519.
Package hyperref Info: Link nesting OFF on input line 4524.
Package hyperref Info: Hyper index ON on input line 4527.
Package hyperref Info: Plain pages OFF on input line 4534.
Package hyperref Info: Backreferencing OFF on input line 4539.
Package hyperref Info: Implicit mode ON; LaTeX internals redefined.
Package hyperref Info: Bookmarks ON on input line 4772.
\c@Hy@tempcnt=\count297
 ("C:\Users\Raffo\AppData\Local\Programs\MiKTeX 2.9\tex/latex/url\url.sty"
\Urlmuskip=\muskip17
Package: url 2013/09/16  ver 3.4  Verb mode for urls, etc.
)
LaTeX Info: Redefining \url on input line 5125.
\XeTeXLinkMargin=\dimen181
\Fld@menulength=\count298
\Field@Width=\dimen182
\Fld@charsize=\dimen183
Package hyperref Info: Hyper figures OFF on input line 6380.
Package hyperref Info: Link nesting OFF on input line 6385.
Package hyperref Info: Hyper index ON on input line 6388.
Package hyperref Info: backreferencing OFF on input line 6395.
Package hyperref Info: Link coloring OFF on input line 6400.
Package hyperref Info: Link coloring with OCG OFF on input line 6405.
Package hyperref Info: PDF/A mode OFF on input line 6410.
LaTeX Info: Redefining \ref on input line 6450.
LaTeX Info: Redefining \pageref on input line 6454.
\Hy@abspage=\count299
\c@Item=\count300
\c@Hfootnote=\count301
)
Package hyperref Info: Driver (autodetected): hpdftex.

("C:\Users\Raffo\AppData\Local\Programs\MiKTeX 2.9\tex/latex/hyperref\hpdftex.d
ef"
File: hpdftex.def 2018/11/30 v6.88e Hyperref driver for pdfTeX
\Fld@listcount=\count302
\c@bookmark@seq@number=\count303

("C:\Users\Raffo\AppData\Local\Programs\MiKTeX 2.9\tex/latex/oberdiek\rerunfile
check.sty"
Package: rerunfilecheck 2016/05/16 v1.8 Rerun checks for auxiliary files (HO)
Package uniquecounter Info: New unique counter `rerunfilecheck' on input line 2
82.
)
\Hy@SectionHShift=\skip68
)
("C:\Users\Raffo\AppData\Local\Programs\MiKTeX 2.9\tex/latex/setspace\setspace.
sty"
Package: setspace 2011/12/19 v6.7a set line spacing
)
("C:\Users\Raffo\AppData\Local\Programs\MiKTeX 2.9\tex/latex/titlesec\titlesec.
sty"
Package: titlesec 2016/03/21 v2.10.2 Sectioning titles
\ttl@box=\box59
\beforetitleunit=\skip69
\aftertitleunit=\skip70
\ttl@plus=\dimen184
\ttl@minus=\dimen185
\ttl@toksa=\toks37
\titlewidth=\dimen186
\titlewidthlast=\dimen187
\titlewidthfirst=\dimen188
)
("C:\Users\Raffo\AppData\Local\Programs\MiKTeX 2.9\tex/latex/fancyhdr\fancyhdr.
sty"
Package: fancyhdr 2019/01/31 v3.10 Extensive control of page headers and footer
s
\f@nch@headwidth=\skip71
\f@nch@O@elh=\skip72
\f@nch@O@erh=\skip73
\f@nch@O@olh=\skip74
\f@nch@O@orh=\skip75
\f@nch@O@elf=\skip76
\f@nch@O@erf=\skip77
\f@nch@O@olf=\skip78
\f@nch@O@orf=\skip79
)
("C:\Users\Raffo\AppData\Local\Programs\MiKTeX 2.9\tex/latex/caption\subcaption
.sty"
Package: subcaption 2018/05/01 v1.1-162 Sub-captions (AR)

("C:\Users\Raffo\AppData\Local\Programs\MiKTeX 2.9\tex/latex/caption\caption.st
y"
Package: caption 2018/10/06 v3.3-154 Customizing captions (AR)

("C:\Users\Raffo\AppData\Local\Programs\MiKTeX 2.9\tex/latex/caption\caption3.s
ty"
Package: caption3 2018/09/12 v1.8c caption3 kernel (AR)
Package caption3 Info: TeX engine: e-TeX on input line 64.
\captionmargin=\dimen189
\captionmargin@=\dimen190
\captionwidth=\dimen191
\caption@tempdima=\dimen192
\caption@indent=\dimen193
\caption@parindent=\dimen194
\caption@hangindent=\dimen195
)
\c@caption@flags=\count304
\c@ContinuedFloat=\count305
Package caption Info: hyperref package is loaded.
Package caption Info: listings package is loaded.
)
\c@subfigure=\count306
\c@subtable=\count307
)
("C:\Users\Raffo\AppData\Local\Programs\MiKTeX 2.9\tex/latex/lipsum\lipsum.sty"
Package: lipsum 2019/01/02 v2.2 150 paragraphs of Lorem Ipsum dummy text

("C:\Users\Raffo\AppData\Local\Programs\MiKTeX 2.9\tex/latex/lipsum\lipsum.ltd.
tex"
File: lipsum.ltd.tex 2019/01/02 v2.2 The Lorem ipsum dummy text
)) (main.aux (capitoli/0-frontespizio.aux) (capitoli/lab1.aux)
(capitoli/lab2.aux

LaTeX Warning: Label `datapath' multiply defined.


LaTeX Warning: Label `datapath' multiply defined.


LaTeX Warning: Label `datapath' multiply defined.

) (capitoli/lab3.aux) (capitoli/lab4.aux) (capitoli/lab5.aux)
(capitoli/lab6.aux))
\openout1 = `main.aux'.

LaTeX Font Info:    Checking defaults for OML/cmm/m/it on input line 58.
LaTeX Font Info:    ... okay on input line 58.
LaTeX Font Info:    Checking defaults for T1/cmr/m/n on input line 58.
LaTeX Font Info:    ... okay on input line 58.
LaTeX Font Info:    Checking defaults for OT1/cmr/m/n on input line 58.
LaTeX Font Info:    ... okay on input line 58.
LaTeX Font Info:    Checking defaults for OMS/cmsy/m/n on input line 58.
LaTeX Font Info:    ... okay on input line 58.
LaTeX Font Info:    Checking defaults for OMX/cmex/m/n on input line 58.
LaTeX Font Info:    ... okay on input line 58.
LaTeX Font Info:    Checking defaults for U/cmr/m/n on input line 58.
LaTeX Font Info:    ... okay on input line 58.
LaTeX Font Info:    Checking defaults for PD1/pdf/m/n on input line 58.
LaTeX Font Info:    ... okay on input line 58.

("C:\Users\Raffo\AppData\Local\Programs\MiKTeX 2.9\tex/latex/ucs\ucsencs.def"
File: ucsencs.def 2011/01/21 Fixes to fontencodings LGR, T3
)
("C:\Users\Raffo\AppData\Local\Programs\MiKTeX 2.9\tex/context/base/mkii\supp-p
df.mkii"
[Loading MPS to PDF converter (version 2006.09.02).]
\scratchcounter=\count308
\scratchdimen=\dimen196
\scratchbox=\box60
\nofMPsegments=\count309
\nofMParguments=\count310
\everyMPshowfont=\toks38
\MPscratchCnt=\count311
\MPscratchDim=\dimen197
\MPnumerator=\count312
\makeMPintoPDFobject=\count313
\everyMPtoPDFconversion=\toks39
)
("C:\Users\Raffo\AppData\Local\Programs\MiKTeX 2.9\tex/latex/translator\transla
tor-basic-dictionary-English.dict"
Dictionary: translator-basic-dictionary, Language: English 
)
("C:\Users\Raffo\AppData\Local\Programs\MiKTeX 2.9\tex/latex/translator\transla
tor-basic-dictionary-Italian.dict"
Dictionary: translator-basic-dictionary, Language: Italian 
)
("C:\Users\Raffo\AppData\Local\Programs\MiKTeX 2.9\tex/latex/siunitx\siunitx-ab
breviations.cfg"
File: siunitx-abbreviations.cfg 2017/11/26 v2.7k siunitx: Abbreviated units
)
\c@lstlisting=\count314
\AtBeginShipoutBox=\box61
Package hyperref Info: Link coloring OFF on input line 58.

("C:\Users\Raffo\AppData\Local\Programs\MiKTeX 2.9\tex/latex/hyperref\nameref.s
ty"
Package: nameref 2016/05/21 v2.44 Cross-referencing by name of section

("C:\Users\Raffo\AppData\Local\Programs\MiKTeX 2.9\tex/generic/oberdiek\gettitl
estring.sty"
Package: gettitlestring 2016/05/16 v1.5 Cleanup title references (HO)
)
\c@section@level=\count315
)
LaTeX Info: Redefining \ref on input line 58.
LaTeX Info: Redefining \pageref on input line 58.
LaTeX Info: Redefining \nameref on input line 58.
 (main.out) (main.out)
\@outlinefile=\write3
\openout3 = `main.out'.

Package caption Info: Begin \AtBeginDocument code.
Package caption Info: End \AtBeginDocument code.
LaTeX Font Info:    Try loading font information for U+msa on input line 58.

("C:\Users\Raffo\AppData\Local\Programs\MiKTeX 2.9\tex/latex/amsfonts\umsa.fd"
File: umsa.fd 2013/01/14 v3.01 AMS symbols A
)
LaTeX Font Info:    Try loading font information for U+msb on input line 58.
("C:\Users\Raffo\AppData\Local\Programs\MiKTeX 2.9\tex/latex/amsfonts\umsb.fd"
File: umsb.fd 2013/01/14 v3.01 AMS symbols B
)
\openout2 = `capitoli/0-frontespizio.aux'.

(capitoli/0-frontespizio.tex
<immagini/polito.jpg, id=155, 284.5029pt x 127.9179pt>
File: immagini/polito.jpg Graphic file (type jpg)
<use immagini/polito.jpg>
Package pdftex.def Info: immagini/polito.jpg  used on input line 10.
(pdftex.def)             Requested size: 253.13298pt x 113.81102pt.
<immagini/battery.jpg, id=156, 402.50375pt x 295.1025pt>
File: immagini/battery.jpg Graphic file (type jpg)
<use immagini/battery.jpg>
Package pdftex.def Info: immagini/battery.jpg  used on input line 26.
(pdftex.def)             Requested size: 116.42215pt x 85.35826pt.
 [1


{C:/Users/Raffo/AppData/Local/MiKTeX/2.9/pdftex/config/pdftex.map} <./immagini/
polito.jpg> <./immagini/battery.jpg>]) (main.tocpdfTeX warning (ext4): destinat
ion with the same identifier (name{page.1}) has been already used, duplicate ig
nored
<to be read again> 
                   \relax 
l.21 ...que, Gray technique}{52}{subsection.4.1.2}
                                                  % [1


]
Overfull \hbox (3.79906pt too wide) in paragraph at lines 21--21
 [][] [][]\OT1/cmr/m/n/10.95 Bus-invert tech-nique, Trans-ition based tech-niqu
e, Gray 
 []

)
\tf@toc=\write4
\openout4 = `main.toc'.

 [2]
\openout2 = `capitoli/lab1.aux'.

 (capitoli/lab1.tex
Chapter 1.

Package hyperref Warning: Token not allowed in a PDF string (PDFDocEncoding):
(hyperref)                removing `\\' on input line 1.

("C:\Users\Raffo\AppData\Local\Programs\MiKTeX 2.9\tex/latex/ucs\uni-0.def"
File: uni-0.def 2013/05/13 UCS: Unicode data U+0000..U+00FF
)
<immagini/gate.png, id=223, 304.13625pt x 40.35075pt>
File: immagini/gate.png Graphic file (type png)
<use immagini/gate.png>
Package pdftex.def Info: immagini/gate.png  used on input line 6.
(pdftex.def)             Requested size: 243.30933pt x 32.28064pt.

Underfull \hbox (badness 10000) in paragraph at lines 14--17

 []

pdfTeX warning (ext4): destination with the same identifier (name{page.1}) has 
been already used, duplicate ignored
<to be read again> 
                   \relax 
l.17 	\item \textit
                   {Inverter} \\ [1



 <./immagini/gate.png>]
LaTeX Font Info:    Try loading font information for OMS+cmr on input line 17.

("C:\Users\Raffo\AppData\Local\Programs\MiKTeX 2.9\tex/latex/base\omscmr.fd"
File: omscmr.fd 2014/09/29 v2.5h Standard LaTeX font definitions
)
LaTeX Font Info:    Font shape `OMS/cmr/m/n' in size <10.95> not available
(Font)              Font shape `OMS/cmsy/m/n' tried instead on input line 17.

Underfull \hbox (badness 10000) in paragraph at lines 17--21

 []


Underfull \hbox (badness 10000) in paragraph at lines 21--24

 []


Underfull \hbox (badness 10000) in paragraph at lines 24--27

 []


Underfull \hbox (badness 10000) in paragraph at lines 27--30

 []

<immagini/fig1_2.png, id=237, 205.66838pt x 111.41624pt>
File: immagini/fig1_2.png Graphic file (type png)
<use immagini/fig1_2.png>
Package pdftex.def Info: immagini/fig1_2.png  used on input line 50.
(pdftex.def)             Requested size: 205.66788pt x 111.41597pt.

Package Fancyhdr Warning: \headheight is too small (12.0pt): 
Make it at least 13.59999pt.
We now make it that large for the rest of the document.
This may cause the page layout to be inconsistent, however.

pdfTeX warning (ext4): destination with the same identifier (name{page.2}) has 
been already used, duplicate ignored
<to be read again> 
                   \relax 
l.74 \begin{center}
                    [2]
Underfull \hbox (badness 10000) in paragraph at lines 77--96

 []


LaTeX Warning: `!h' float specifier changed to `!ht'.


Overfull \hbox (1.63278pt too wide) in paragraph at lines 97--97
|[]\OT1/cmr/bx/n/14.4 Probability and Activ-ity Cal-cu-la-tion: Half and
 []

<immagini/half_adder.png, id=251, 381.425pt x 261.97874pt>
File: immagini/half_adder.png Graphic file (type png)
<use immagini/half_adder.png>
Package pdftex.def Info: immagini/half_adder.png  used on input line 101.
(pdftex.def)             Requested size: 152.56729pt x 104.78964pt.
<immagini/full_adder.png, id=252, 1284.8pt x 571.13374pt>
File: immagini/full_adder.png Graphic file (type png)
<use immagini/full_adder.png>
Package pdftex.def Info: immagini/full_adder.png  used on input line 107.
(pdftex.def)             Requested size: 256.95544pt x 114.22472pt.

Underfull \hbox (badness 10000) in paragraph at lines 98--113

 []

[3 <./immagini/fig1_2.png>] [4 <./immagini/half_adder.png> <./immagini/full_add
er.png>]
Underfull \hbox (badness 10000) in paragraph at lines 113--118

 []


Overfull \hbox (29.74525pt too wide) in paragraph at lines 118--139
\OML/cmm/m/it/10.95 P[]\OT1/cmr/m/n/10.95 (\OML/cmm/m/it/10.95 S\OT1/cmr/m/n/10
.95 ) = \OML/cmm/m/it/10.95 P[]\OT1/cmr/m/n/10.95 (\OML/cmm/m/it/10.95 A\OT1/cm
r/m/n/10.95 )\OML/cmm/m/it/10.95 P[]\OT1/cmr/m/n/10.95 (\OML/cmm/m/it/10.95 B\O
T1/cmr/m/n/10.95 )\OML/cmm/m/it/10.95 P[]\OT1/cmr/m/n/10.95 (\OML/cmm/m/it/10.9
5 C[]\OT1/cmr/m/n/10.95 ) + \OML/cmm/m/it/10.95 P[]\OT1/cmr/m/n/10.95 (\OML/cmm
/m/it/10.95 A\OT1/cmr/m/n/10.95 )\OML/cmm/m/it/10.95 P[]\OT1/cmr/m/n/10.95 (\OM
L/cmm/m/it/10.95 B\OT1/cmr/m/n/10.95 )\OML/cmm/m/it/10.95 P[]\OT1/cmr/m/n/10.95
 (\OML/cmm/m/it/10.95 C[]\OT1/cmr/m/n/10.95 ) + \OML/cmm/m/it/10.95 P[]\OT1/cmr
/m/n/10.95 (\OML/cmm/m/it/10.95 A\OT1/cmr/m/n/10.95 )\OML/cmm/m/it/10.95 P[]\OT
1/cmr/m/n/10.95 (\OML/cmm/m/it/10.95 B\OT1/cmr/m/n/10.95 )\OML/cmm/m/it/10.95 P
[]\OT1/cmr/m/n/10.95 (\OML/cmm/m/it/10.95 C[]\OT1/cmr/m/n/10.95 ) +
 []


Overfull \hbox (50.1433pt too wide) in paragraph at lines 118--139
\OML/cmm/m/it/10.95 P[]\OT1/cmr/m/n/10.95 (\OML/cmm/m/it/10.95 C[]\OT1/cmr/m/n/
10.95 ) = \OML/cmm/m/it/10.95 P[]\OT1/cmr/m/n/10.95 (\OML/cmm/m/it/10.95 A\OT1/
cmr/m/n/10.95 )\OML/cmm/m/it/10.95 P[]\OT1/cmr/m/n/10.95 (\OML/cmm/m/it/10.95 B
\OT1/cmr/m/n/10.95 )\OML/cmm/m/it/10.95 P[]\OT1/cmr/m/n/10.95 (\OML/cmm/m/it/10
.95 C[]\OT1/cmr/m/n/10.95 ) + \OML/cmm/m/it/10.95 P[]\OT1/cmr/m/n/10.95 (\OML/c
mm/m/it/10.95 A\OT1/cmr/m/n/10.95 )\OML/cmm/m/it/10.95 P[]\OT1/cmr/m/n/10.95 (\
OML/cmm/m/it/10.95 B\OT1/cmr/m/n/10.95 )\OML/cmm/m/it/10.95 P[]\OT1/cmr/m/n/10.
95 (\OML/cmm/m/it/10.95 C[]\OT1/cmr/m/n/10.95 ) + \OML/cmm/m/it/10.95 P[]\OT1/c
mr/m/n/10.95 (\OML/cmm/m/it/10.95 A\OT1/cmr/m/n/10.95 )\OML/cmm/m/it/10.95 P[]\
OT1/cmr/m/n/10.95 (\OML/cmm/m/it/10.95 B\OT1/cmr/m/n/10.95 )\OML/cmm/m/it/10.95
 P[]\OT1/cmr/m/n/10.95 (\OML/cmm/m/it/10.95 C[]\OT1/cmr/m/n/10.95 ) +
 []


Underfull \hbox (badness 10000) in paragraph at lines 118--139

 []


Underfull \hbox (badness 10000) in paragraph at lines 140--155

 []

<immagini/ripple.png, id=271, 371.58826pt x 75.28125pt>
File: immagini/ripple.png Graphic file (type png)
<use immagini/ripple.png>
Package pdftex.def Info: immagini/ripple.png  used on input line 159.
(pdftex.def)             Requested size: 334.42633pt x 67.75247pt.
[5]
File: immagini/gate.png Graphic file (type png)
<use immagini/gate.png>
Package pdftex.def Info: immagini/gate.png  used on input line 186.
(pdftex.def)             Requested size: 304.1355pt x 40.35065pt.
File: immagini/gate.png Graphic file (type png)
<use immagini/gate.png>
Package pdftex.def Info: immagini/gate.png  used on input line 194.
(pdftex.def)             Requested size: 304.1355pt x 40.35065pt.
 [6 <./immagini/ripple.png>]
<immagini/report_power1.png, id=286, 304.13625pt x 322.806pt>
File: immagini/report_power1.png Graphic file (type png)
<use immagini/report_power1.png>
Package pdftex.def Info: immagini/report_power1.png  used on input line 211.
(pdftex.def)             Requested size: 212.8939pt x 225.96265pt.
<immagini/reportFA1.png, id=288, 456.5055pt x 244.21237pt>
File: immagini/reportFA1.png Graphic file (type png)
<use immagini/reportFA1.png>
Package pdftex.def Info: immagini/reportFA1.png  used on input line 220.
(pdftex.def)             Requested size: 273.90541pt x 146.52853pt.
<immagini/verbose1.png, id=291, 472.76625pt x 231.11343pt>
File: immagini/verbose1.png Graphic file (type png)
<use immagini/verbose1.png>
Package pdftex.def Info: immagini/verbose1.png  used on input line 228.
(pdftex.def)             Requested size: 283.66193pt x 138.66913pt.
File: immagini/verbose1.png Graphic file (type png)
<use immagini/verbose1.png>
Package pdftex.def Info: immagini/verbose1.png  used on input line 237.
(pdftex.def)             Requested size: 283.66193pt x 138.66913pt.
 [7] [8 <./immagini/report_power1.png>] [9 <./immagini/reportFA1.png> <./immagi
ni/verbose1.png>]
Overfull \hbox (1.8295pt too wide) in paragraph at lines 242--242
|[]\OT1/cmr/bx/n/14.4 A simple MUX: glitch gen-er-a-tion and propaga-
 []

<immagini/mux.png, id=311, 240.9pt x 161.85469pt>
File: immagini/mux.png Graphic file (type png)
<use immagini/mux.png>
Package pdftex.def Info: immagini/mux.png  used on input line 245.
(pdftex.def)             Requested size: 192.72025pt x 129.4839pt.
<immagini/model_mux.png, id=314, 1570.36688pt x 481.8pt>
File: immagini/model_mux.png Graphic file (type png)
<use immagini/model_mux.png>
Package pdftex.def Info: immagini/model_mux.png  used on input line 252.
(pdftex.def)             Requested size: 392.59076pt x 120.44969pt.

Overfull \hbox (32.59076pt too wide) in paragraph at lines 252--253
 [][] 
 []

[10 <./immagini/mux.png>]
Overfull \hbox (23.12277pt too wide) in paragraph at lines 263--263
|[]\OT1/cmr/bx/n/14.4 Probability and Activ-ity Cal-cu-la-tion: Syn-cronous
 []

<immagini/counter.png, id=323, 114.4275pt x 171.64125pt>
File: immagini/counter.png Graphic file (type png)
<use immagini/counter.png>
Package pdftex.def Info: immagini/counter.png  used on input line 266.
(pdftex.def)             Requested size: 68.65701pt x 102.98552pt.

LaTeX Warning: Reference `timing_counter1' on page 11 undefined on input line 2
70.

<immagini/counter2.png, id=325, 529.22719pt x 128.73094pt>
File: immagini/counter2.png Graphic file (type png)
<use immagini/counter2.png>
Package pdftex.def Info: immagini/counter2.png  used on input line 275.
(pdftex.def)             Requested size: 317.53876pt x 77.23914pt.

LaTeX Warning: Reference `timing_counter2' on page 11 undefined on input line 2
79.


Underfull \hbox (badness 10000) in paragraph at lines 270--302

 []

[11 <./immagini/model_mux.png>]

LaTeX Warning: `!h' float specifier changed to `!ht'.

[12 <./immagini/counter.png> <./immagini/counter2.png>]
<immagini/report_counter.png, id=341, 538.26094pt x 472.76625pt>
File: immagini/report_counter.png Graphic file (type png)
<use immagini/report_counter.png>
Package pdftex.def Info: immagini/report_counter.png  used on input line 311.
(pdftex.def)             Requested size: 322.95906pt x 283.66193pt.
) [13] [14 <./immagini/report_counter.png>]
\openout2 = `capitoli/lab2.aux'.

 (capitoli/lab2.tex
Chapter 2.

Package hyperref Warning: Token not allowed in a PDF string (PDFDocEncoding):
(hyperref)                removing `\\' on input line 1.


Overfull \hbox (16.93297pt too wide) in paragraph at lines 1--1
\OT1/cmr/bx/n/20.74 FSM State As-sign-ment and VHDL
 []


LaTeX Warning: Reference `fsm' on page 15 undefined on input line 8.

<immagini/circuito.png, id=354, 230.96288pt x 185.493pt>
File: immagini/circuito.png Graphic file (type png)
<use immagini/circuito.png>
Package pdftex.def Info: immagini/circuito.png  used on input line 11.
(pdftex.def)             Requested size: 138.57878pt x 111.29665pt.

Underfull \hbox (badness 10000) in paragraph at lines 7--36

 []


LaTeX Warning: `!h' float specifier changed to `!ht'.

("C:\Users\Raffo\AppData\Local\Programs\MiKTeX 2.9\tex/latex/ucs\uni-32.def"
File: uni-32.def 2013/05/13 UCS: Unicode data U+2000..U+20FF
)
LaTeX Font Info:    Font shape `OMS/cmr/m/n' in size <9> not available
(Font)              Font shape `OMS/cmsy/m/n' tried instead on input line 44.
<immagini/schemlab2_2.jpg, id=356, 409.53pt x 227.6505pt>
File: immagini/schemlab2_2.jpg Graphic file (type jpg)
<use immagini/schemlab2_2.jpg>
Package pdftex.def Info: immagini/schemlab2_2.jpg  used on input line 51.
(pdftex.def)             Requested size: 245.7199pt x 136.59134pt.
<immagini/slacks.jpg, id=357, 365.56575pt x 201.1515pt>
File: immagini/slacks.jpg Graphic file (type jpg)
<use immagini/slacks.jpg>
Package pdftex.def Info: immagini/slacks.jpg  used on input line 124.
(pdftex.def)             Requested size: 219.34114pt x 120.69182pt.

Overfull \hbox (69.36026pt too wide) in paragraph at lines 153--185
 [][] 
 []

<immagini/fsm_power_cell.jpg, id=358, 611.28375pt x 272.81924pt>
File: immagini/fsm_power_cell.jpg Graphic file (type jpg)
<use immagini/fsm_power_cell.jpg>
Package pdftex.def Info: immagini/fsm_power_cell.jpg  used on input line 250.
(pdftex.def)             Requested size: 366.77307pt x 163.6928pt.

Overfull \hbox (6.77307pt too wide) in paragraph at lines 250--251
 [][] 
 []


Underfull \hbox (badness 10000) in paragraph at lines 37--279

 []


Underfull \hbox (badness 10000) in paragraph at lines 37--279

 []


Underfull \hbox (badness 10000) in paragraph at lines 37--279

 []


Underfull \hbox (badness 10000) in paragraph at lines 37--279

 []


Underfull \hbox (badness 10000) in paragraph at lines 37--279

 []


Underfull \hbox (badness 10000) in paragraph at lines 37--279

 []


Underfull \hbox (badness 10000) in paragraph at lines 37--279

 []


Underfull \hbox (badness 10000) in paragraph at lines 37--279

 []


Underfull \hbox (badness 10000) in paragraph at lines 37--279

 []


Underfull \hbox (badness 10000) in paragraph at lines 37--279

 []


Underfull \hbox (badness 10000) in paragraph at lines 37--279

 []


Underfull \hbox (badness 10000) in paragraph at lines 37--279

 []


Underfull \hbox (badness 10000) in paragraph at lines 37--279

 []


Underfull \hbox (badness 10000) in paragraph at lines 37--279

 []


Underfull \hbox (badness 10000) in paragraph at lines 37--279

 []


Underfull \hbox (badness 10000) in paragraph at lines 37--279

 []


Underfull \hbox (badness 10000) in paragraph at lines 37--279

 []


Underfull \hbox (badness 10000) in paragraph at lines 37--279

 []


Underfull \hbox (badness 10000) in paragraph at lines 37--279

 []


Underfull \hbox (badness 10000) in paragraph at lines 37--279

 []

[15



] [16 <./immagini/circuito.png>]

LaTeX Warning: `!h' float specifier changed to `!ht'.

[17 <./immagini/schemlab2_2.jpg>]

LaTeX Warning: `!h' float specifier changed to `!ht'.

[18 <./immagini/slacks.jpg>] [19] [20]
Underfull \hbox (badness 10000) in paragraph at lines 280--300

 []

[21 <./immagini/fsm_power_cell.jpg>]) [22]
\openout2 = `capitoli/lab3.aux'.

 (capitoli/lab3.tex
Chapter 3.

Package hyperref Warning: Token not allowed in a PDF string (PDFDocEncoding):
(hyperref)                removing `\\' on input line 1.

<immagini/clock_gating.png, id=410, 208.67963pt x 214.401pt>
File: immagini/clock_gating.png Graphic file (type png)
<use immagini/clock_gating.png>
Package pdftex.def Info: immagini/clock_gating.png  used on input line 7.
(pdftex.def)             Requested size: 125.20872pt x 128.64159pt.

Overfull \hbox (38.24593pt too wide) in paragraph at lines 4--11
\OT1/cmr/m/n/10.95 Un prima tec-nica utilizzata per ridurre i con-sumi an-dando
 a la-vor-are sull'architettura
 []

[23



 <./immagini/clock_gating.png>]
<immagini/clock_gating1.png, id=417, 521.84962pt x 155.3805pt>
File: immagini/clock_gating1.png Graphic file (type png)
<use immagini/clock_gating1.png>
Package pdftex.def Info: immagini/clock_gating1.png  used on input line 17.
(pdftex.def)             Requested size: 417.48026pt x 124.30455pt.

Overfull \hbox (57.48026pt too wide) in paragraph at lines 17--18
 [][] 
 []


Overfull \hbox (7.0493pt too wide) in paragraph at lines 12--23
\OT1/cmr/m/n/10.95 (D1 e D2) si-ano rispet-tiva-mente \OT1/cmr/m/it/10.95 std[]
logic[]vector (7 downto 0) \OT1/cmr/m/n/10.95 e \OT1/cmr/m/it/10.95 std[]logic[
]vector
 []


Underfull \hbox (badness 10000) in paragraph at lines 12--23

 []

[24 <./immagini/clock_gating1.png>]
<immagini/clock_gating2.png, id=425, 525.162pt x 156.585pt>
File: immagini/clock_gating2.png Graphic file (type png)
<use immagini/clock_gating2.png>
Package pdftex.def Info: immagini/clock_gating2.png  used on input line 26.
(pdftex.def)             Requested size: 420.13017pt x 125.26816pt.

Overfull \hbox (60.13017pt too wide) in paragraph at lines 26--27
 [][] 
 []

<immagini/clock_gating3.png, id=427, 528.17325pt x 160.1985pt>
File: immagini/clock_gating3.png Graphic file (type png)
<use immagini/clock_gating3.png>
Package pdftex.def Info: immagini/clock_gating3.png  used on input line 33.
(pdftex.def)             Requested size: 422.53917pt x 128.15897pt.

Overfull \hbox (62.53917pt too wide) in paragraph at lines 33--34
 [][] 
 []

[25 <./immagini/clock_gating2.png> <./immagini/clock_gating3.png>]
<immagini/circuito_3_2.png, id=434, 322.50487pt x 163.51088pt>
File: immagini/circuito_3_2.png Graphic file (type png)
<use immagini/circuito_3_2.png>
Package pdftex.def Info: immagini/circuito_3_2.png  used on input line 42.
(pdftex.def)             Requested size: 258.00424pt x 130.80887pt.
File: immagini/circuito_3_2.png Graphic file (type png)
<use immagini/circuito_3_2.png>
Package pdftex.def Info: immagini/circuito_3_2.png  used on input line 50.
(pdftex.def)             Requested size: 258.00424pt x 130.80887pt.
<immagini/3_1.png, id=437, 513.71925pt x 302.93175pt>
File: immagini/3_1.png Graphic file (type png)
<use immagini/3_1.png>
Package pdftex.def Info: immagini/3_1.png  used on input line 58.
(pdftex.def)             Requested size: 410.97595pt x 242.34572pt.

Overfull \hbox (50.97595pt too wide) in paragraph at lines 58--59
 [][] 
 []

<immagini/3_2.png, id=439, 367.3725pt x 89.43413pt>
File: immagini/3_2.png Graphic file (type png)
<use immagini/3_2.png>
Package pdftex.def Info: immagini/3_2.png  used on input line 66.
(pdftex.def)             Requested size: 293.89838pt x 71.54738pt.
<immagini/3_3.png, id=441, 447.17062pt x 185.79413pt>
File: immagini/3_3.png Graphic file (type png)
<use immagini/3_3.png>
Package pdftex.def Info: immagini/3_3.png  used on input line 75.
(pdftex.def)             Requested size: 357.73698pt x 148.6355pt.
<immagini/3_4.png, id=444, 446.26724pt x 187.29974pt>
File: immagini/3_4.png Graphic file (type png)
<use immagini/3_4.png>
Package pdftex.def Info: immagini/3_4.png  used on input line 83.
(pdftex.def)             Requested size: 357.01427pt x 149.83998pt.
<immagini/3_5.png, id=445, 360.74776pt x 93.64987pt>
File: immagini/3_5.png Graphic file (type png)
<use immagini/3_5.png>
Package pdftex.def Info: immagini/3_5.png  used on input line 89.
(pdftex.def)             Requested size: 288.59857pt x 74.91998pt.
[26 <./immagini/circuito_3_2.png>] [27 <./immagini/3_1.png> <./immagini/3_2.png
>] [28 <./immagini/3_3.png>]
<immagini/3_6.png, id=467, 532.389pt x 542.62724pt>
File: immagini/3_6.png Graphic file (type png)
<use immagini/3_6.png>
Package pdftex.def Info: immagini/3_6.png  used on input line 97.
(pdftex.def)             Requested size: 346.04875pt x 352.70352pt.
 [29 <./immagini/3_4.png> <./immagini/3_5.png>]
<immagini/3_7.png, id=475, 624.53325pt x 264.38776pt>
File: immagini/3_7.png Graphic file (type png)
<use immagini/3_7.png>
Package pdftex.def Info: immagini/3_7.png  used on input line 105.
(pdftex.def)             Requested size: 405.9418pt x 171.84999pt.

Overfull \hbox (45.9418pt too wide) in paragraph at lines 105--106
 [][] 
 []

<immagini/3_8.png, id=476, 511.61137pt x 131.2905pt>
File: immagini/3_8.png Graphic file (type png)
<use immagini/3_8.png>
Package pdftex.def Info: immagini/3_8.png  used on input line 111.
(pdftex.def)             Requested size: 332.54346pt x 85.3378pt.
[30 <./immagini/3_6.png>]
<immagini/3_9.png, id=485, 564.60938pt x 324.31163pt>
File: immagini/3_9.png Graphic file (type png)
<use immagini/3_9.png>
Package pdftex.def Info: immagini/3_9.png  used on input line 120.
(pdftex.def)             Requested size: 366.99174pt x 210.80005pt.

Overfull \hbox (6.99174pt too wide) in paragraph at lines 120--121
 [][] 
 []

<immagini/3_10.png, id=486, 453.49425pt x 115.33087pt>
File: immagini/3_10.png Graphic file (type png)
<use immagini/3_10.png>
Package pdftex.def Info: immagini/3_10.png  used on input line 126.
(pdftex.def)             Requested size: 294.76776pt x 74.96416pt.

Overfull \hbox (2.46556pt too wide) in paragraph at lines 116--130
\OT1/cmr/m/n/10.95 mente a 0, 0.5, 0.12. Si e es-e-g-uito il comando \OT1/cmr/
m/it/10.95 re-port[]power -include[]input[]nets
 []

[31 <./immagini/3_7.png> <./immagini/3_8.png>]
<immagini/3_11.png, id=494, 540.8205pt x 543.2295pt>
File: immagini/3_11.png Graphic file (type png)
<use immagini/3_11.png>
Package pdftex.def Info: immagini/3_11.png  used on input line 137.
(pdftex.def)             Requested size: 351.52914pt x 353.09499pt.
<immagini/3_vhdl.png, id=497, 243.309pt x 340.27126pt>
File: immagini/3_vhdl.png Graphic file (type png)
<use immagini/3_vhdl.png>
Package pdftex.def Info: immagini/3_vhdl.png  used on input line 146.
(pdftex.def)             Requested size: 243.30841pt x 340.27042pt.
<immagini/3_vhdl_2.png, id=498, 110.814pt x 19.87425pt>
File: immagini/3_vhdl_2.png Graphic file (type png)
<use immagini/3_vhdl_2.png>
Package pdftex.def Info: immagini/3_vhdl_2.png  used on input line 152.
(pdftex.def)             Requested size: 166.22055pt x 29.81128pt.
 [32 <./immagini/3_9.png> <./immagini/3_10.png>] [33 <./immagini/3_11.png>]
<immagini/3_12.jpg, id=514, 794.97pt x 614.295pt>
File: immagini/3_12.jpg Graphic file (type jpg)
<use immagini/3_12.jpg>
Package pdftex.def Info: immagini/3_12.jpg  used on input line 161.
(pdftex.def)             Requested size: 397.48402pt x 307.14674pt.

Overfull \hbox (37.48402pt too wide) in paragraph at lines 161--162
 [][] 
 []

<immagini/3_13.jpg, id=515, 144.7809pt x 93.951pt>
File: immagini/3_13.jpg Graphic file (type jpg)
<use immagini/3_13.jpg>
Package pdftex.def Info: immagini/3_13.jpg  used on input line 167.
(pdftex.def)             Requested size: 217.17079pt x 140.92616pt.
<immagini/elsif1.png, id=518, 569.42737pt x 326.4195pt>
File: immagini/elsif1.png Graphic file (type png)
<use immagini/elsif1.png>
Package pdftex.def Info: immagini/elsif1.png  used on input line 176.
(pdftex.def)             Requested size: 370.1234pt x 212.17015pt.

Overfull \hbox (10.1234pt too wide) in paragraph at lines 176--177
 [][] 
 []

<immagini/elsif2.png, id=519, 455.301pt x 117.43875pt>
File: immagini/elsif2.png Graphic file (type png)
<use immagini/elsif2.png>
Package pdftex.def Info: immagini/elsif2.png  used on input line 182.
(pdftex.def)             Requested size: 295.94214pt x 76.33426pt.
File: immagini/elsif1.png Graphic file (type png)
<use immagini/elsif1.png>
Package pdftex.def Info: immagini/elsif1.png  used on input line 190.
(pdftex.def)             Requested size: 370.1234pt x 212.17015pt.

Overfull \hbox (10.1234pt too wide) in paragraph at lines 190--191
 [][] 
 []

File: immagini/elsif2.png Graphic file (type png)
<use immagini/elsif2.png>
Package pdftex.def Info: immagini/elsif2.png  used on input line 196.
(pdftex.def)             Requested size: 295.94214pt x 76.33426pt.

Underfull \hbox (badness 10000) in paragraph at lines 157--202

 []

[34 <./immagini/3_vhdl.png> <./immagini/3_vhdl_2.png>]

LaTeX Warning: Text page 35 contains only floats.

[35 <./immagini/3_12.jpg> <./immagini/3_13.jpg>] [36 <./immagini/elsif1.png> <.
/immagini/elsif2.png>] [37]
<immagini/elsif5.jpg, id=548, 1478.52374pt x 1606.0pt>
File: immagini/elsif5.jpg Graphic file (type jpg)
<use immagini/elsif5.jpg>
Package pdftex.def Info: immagini/elsif5.jpg  used on input line 205.
(pdftex.def)             Requested size: 413.98383pt x 449.67694pt.

Overfull \hbox (53.98383pt too wide) in paragraph at lines 205--206
 [][] 
 []

<immagini/elsif6.png, id=553, 561.59813pt x 334.851pt>
File: immagini/elsif6.png Graphic file (type png)
<use immagini/elsif6.png>
Package pdftex.def Info: immagini/elsif6.png  used on input line 213.
(pdftex.def)             Requested size: 365.03445pt x 217.65056pt.

Overfull \hbox (5.03445pt too wide) in paragraph at lines 213--214
 [][] 
 []

<immagini/elsif7.png, id=554, 514.3215pt x 129.78488pt>
File: immagini/elsif7.png Graphic file (type png)
<use immagini/elsif7.png>
Package pdftex.def Info: immagini/elsif7.png  used on input line 219.
(pdftex.def)             Requested size: 334.30502pt x 84.35916pt.
<immagini/elsif8.png, id=555, 569.7285pt x 336.65775pt>
File: immagini/elsif8.png Graphic file (type png)
<use immagini/elsif8.png>
Package pdftex.def Info: immagini/elsif8.png  used on input line 225.
(pdftex.def)             Requested size: 370.31914pt x 218.82492pt.

Overfull \hbox (10.31914pt too wide) in paragraph at lines 225--226
 [][] 
 []

<immagini/elsif9.png, id=556, 465.53925pt x 120.75113pt>
File: immagini/elsif9.png Graphic file (type png)
<use immagini/elsif9.png>
Package pdftex.def Info: immagini/elsif9.png  used on input line 231.
(pdftex.def)             Requested size: 302.59692pt x 78.48727pt.
[38 <./immagini/elsif5.jpg>] [39 <./immagini/elsif6.png> <./immagini/elsif7.png
>]
<immagini/elsif10.jpg, id=570, 1435.3625pt x 1606.0pt>
File: immagini/elsif10.jpg Graphic file (type jpg)
<use immagini/elsif10.jpg>
Package pdftex.def Info: immagini/elsif10.jpg  used on input line 240.
(pdftex.def)             Requested size: 401.89876pt x 449.67694pt.

Overfull \hbox (41.89876pt too wide) in paragraph at lines 240--241
 [][] 
 []


Overfull \hbox (27.93462pt too wide) in paragraph at lines 236--259
\OT1/cmr/m/n/10.95 Per sin-tetiz-zare si con-fronta la po-tenza di-n-am-ica tot
ale prima e dopo l'introduzione
 []

[40 <./immagini/elsif8.png> <./immagini/elsif9.png>] [41 <./immagini/elsif10.jp
g>]

LaTeX Warning: `!h' float specifier changed to `!ht'.

[42]
<immagini/circuito_parallel.png, id=594, 410.7345pt x 333.6465pt>
File: immagini/circuito_parallel.png Graphic file (type png)
<use immagini/circuito_parallel.png>
Package pdftex.def Info: immagini/circuito_parallel.png  used on input line 301
.
(pdftex.def)             Requested size: 328.58804pt x 266.91756pt.
 [43 <./immagini/circuito_parallel.png>]
<immagini/circuito_pipe.png, id=604, 411.03563pt x 220.4235pt>
File: immagini/circuito_pipe.png Graphic file (type png)
<use immagini/circuito_pipe.png>
Package pdftex.def Info: immagini/circuito_pipe.png  used on input line 364.
(pdftex.def)             Requested size: 328.82895pt x 176.33902pt.


LaTeX Warning: `!h' float specifier changed to `!ht'.

[44] [45 <./immagini/circuito_pipe.png>]
<immagini/circuito_parallel_pipe.png, id=620, 450.18187pt x 418.26262pt>
File: immagini/circuito_parallel_pipe.png Graphic file (type png)
<use immagini/circuito_parallel_pipe.png>
Package pdftex.def Info: immagini/circuito_parallel_pipe.png  used on input lin
e 428.
(pdftex.def)             Requested size: 360.14598pt x 334.61053pt.

Overfull \hbox (10.65668pt too wide) in paragraph at lines 408--469
\OT1/cmr/m/n/10.95 I ri-sultati di questo nuovo ap-p-roc-cio, che ven-gono cal-
col-ati me-di-ante i medesimi
 []


Underfull \hbox (badness 10000) in paragraph at lines 408--469

 []

[46] [47 <./immagini/circuito_parallel_pipe.png>]
<immagini/3_timing2.png, id=638, 120.45pt x 44.26538pt>
File: immagini/3_timing2.png Graphic file (type png)
<use immagini/3_timing2.png>
Package pdftex.def Info: immagini/3_timing2.png  used on input line 473.
(pdftex.def)             Requested size: 240.89938pt x 88.53049pt.
File: immagini/3_timing2.png Graphic file (type png)
<use immagini/3_timing2.png>
Package pdftex.def Info: immagini/3_timing2.png  used on input line 479.
(pdftex.def)             Requested size: 240.89938pt x 88.53049pt.
 [48]) [49 <./immagini/3_timing2.png>]
\openout2 = `capitoli/lab4.aux'.

 (capitoli/lab4.tex
Chapter 4.

Package hyperref Warning: Token not allowed in a PDF string (PDFDocEncoding):
(hyperref)                removing `\\' on input line 1.

<immagini/4_1_data_report.png, id=656, 479.08987pt x 366.46913pt>
File: immagini/4_1_data_report.png Graphic file (type png)
<use immagini/4_1_data_report.png>
Package pdftex.def Info: immagini/4_1_data_report.png  used on input line 15.
(pdftex.def)             Requested size: 311.40471pt x 238.2021pt.
[50



] [51 <./immagini/4_1_data_report.png>]
<immagini/4_1_addres_report.png, id=669, 422.17725pt x 329.12962pt>
File: immagini/4_1_addres_report.png Graphic file (type png)
<use immagini/4_1_addres_report.png>
Package pdftex.def Info: immagini/4_1_addres_report.png  used on input line 41.

(pdftex.def)             Requested size: 337.74225pt x 263.30405pt.

Overfull \hbox (1.60973pt too wide) in paragraph at lines 64--64
|[]\OT1/cmr/bx/n/12 Bus-invert tech-nique, Trans-ition based tech-nique, Gray
 []

[52 <./immagini/4_1_addres_report.png>]
<immagini/transition.png, id=677, 285.16537pt x 46.67438pt>
File: immagini/transition.png Graphic file (type png)
<use immagini/transition.png>
Package pdftex.def Info: immagini/transition.png  used on input line 109.
(pdftex.def)             Requested size: 342.19673pt x 56.00894pt.
<immagini/gray.png, id=681, 292.39238pt x 121.05225pt>
File: immagini/gray.png Graphic file (type png)
<use immagini/gray.png>
Package pdftex.def Info: immagini/gray.png  used on input line 154.
(pdftex.def)             Requested size: 292.39165pt x 121.05194pt.
 [53 <./immagini/transition.png>]
[54 <./immagini/gray.png>] [55]
<immagini/address_report_tecniche.png, id=707, 361.04887pt x 344.78813pt>
File: immagini/address_report_tecniche.png Graphic file (type png)
<use immagini/address_report_tecniche.png>
Package pdftex.def Info: immagini/address_report_tecniche.png  used on input li
ne 204.
(pdftex.def)             Requested size: 361.04799pt x 344.78728pt.

Overfull \hbox (1.04799pt too wide) in paragraph at lines 204--205
 [][] 
 []


Underfull \hbox (badness 10000) in paragraph at lines 199--208

 []

[56 <./immagini/address_report_tecniche.png>]
<immagini/data_report_tecniche.png, id=714, 365.56575pt x 354.72525pt>
File: immagini/data_report_tecniche.png Graphic file (type png)
<use immagini/data_report_tecniche.png>
Package pdftex.def Info: immagini/data_report_tecniche.png  used on input line 
211.
(pdftex.def)             Requested size: 292.45299pt x 283.78058pt.
<immagini/formula_t0.png, id=716, 315.88013pt x 77.088pt>
File: immagini/formula_t0.png Graphic file (type png)
<use immagini/formula_t0.png>
Package pdftex.def Info: immagini/formula_t0.png  used on input line 219.
(pdftex.def)             Requested size: 252.70444pt x 61.67047pt.
 [57 <./immagini/data_report_tecniche.png> <./immagini/formula_t0.png>])
Underfull \hbox (badness 10000) in paragraph at lines 234--83

 []

[58] [59]
\openout2 = `capitoli/lab5.aux'.

 (capitoli/lab5.tex
Chapter 5.

Package hyperref Warning: Token not allowed in a PDF string (PDFDocEncoding):
(hyperref)                removing `\\' on input line 1.

<immagini/nand_circuit.png, id=734, 311.1625pt x 506.89375pt>
File: immagini/nand_circuit.png Graphic file (type png)
<use immagini/nand_circuit.png>
Package pdftex.def Info: immagini/nand_circuit.png  used on input line 8.
(pdftex.def)             Requested size: 93.34947pt x 152.06929pt.
[60



] [61 <./immagini/nand_circuit.png>]
<immagini/onde_5_1.jpg, id=748, 1132.23pt x 572.1375pt>
File: immagini/onde_5_1.jpg Graphic file (type jpg)
<use immagini/onde_5_1.jpg>
Package pdftex.def Info: immagini/onde_5_1.jpg  used on input line 43.
(pdftex.def)             Requested size: 396.28644pt x 200.25111pt.

Overfull \hbox (36.28644pt too wide) in paragraph at lines 43--44
 [][] 
 []

[62 <./immagini/onde_5_1.jpg>]
<immagini/onde_5_2current.jpg, id=761, 4484.755pt x 2276.505pt>
File: immagini/onde_5_2current.jpg Graphic file (type jpg)
<use immagini/onde_5_2current.jpg>
Package pdftex.def Info: immagini/onde_5_2current.jpg  used on input line 139.
(pdftex.def)             Requested size: 403.61053pt x 204.8766pt.

Overfull \hbox (43.61053pt too wide) in paragraph at lines 139--140
 [][] 
 []

<immagini/onde_5_2voltage.jpg, id=762, 4484.755pt x 2276.505pt>
File: immagini/onde_5_2voltage.jpg Graphic file (type jpg)
<use immagini/onde_5_2voltage.jpg>
Package pdftex.def Info: immagini/onde_5_2voltage.jpg  used on input line 145.
(pdftex.def)             Requested size: 403.61053pt x 204.8766pt.

Overfull \hbox (43.61053pt too wide) in paragraph at lines 145--146
 [][] 
 []


LaTeX Warning: `!h' float specifier changed to `!ht'.


LaTeX Warning: `!h' float specifier changed to `!ht'.

[63] [64 <./immagini/onde_5_2current.jpg>]
Overfull \hbox (3.99664pt too wide) in paragraph at lines 174--264
\OT1/cmr/m/n/10.95 pi-lotare ca-ri-chi su-per-i-ori, bis-gona utiliz-zare porte
 lo-giche dif-fer-enti, comunque
 []


Overfull \hbox (33.74449pt too wide) in paragraph at lines 174--264
\OT1/cmr/m/n/10.95 Le due net-l-ist conten-enti le due di-verse porte NAND sono
: \OT1/cmr/m/it/10.95 nandH-ScharMax[]Load.sp
 []

[65 <./immagini/onde_5_2voltage.jpg>]

LaTeX Warning: `!h' float specifier changed to `!ht'.


LaTeX Warning: `!h' float specifier changed to `!ht'.

[66]
Underfull \hbox (badness 10000) in paragraph at lines 272--273

 []

[67]
<immagini/onde_5_3_voltage1.jpg, id=807, 4528.92pt x 2204.235pt>
File: immagini/onde_5_3_voltage1.jpg Graphic file (type jpg)
<use immagini/onde_5_3_voltage1.jpg>
Package pdftex.def Info: immagini/onde_5_3_voltage1.jpg  used on input line 276
.
(pdftex.def)             Requested size: 407.58522pt x 198.37259pt.

Overfull \hbox (47.58522pt too wide) in paragraph at lines 276--277
 [][] 
 []

<immagini/onde_5_3_current1.jpg, id=808, 3517.14pt x 1750.54pt>
File: immagini/onde_5_3_current1.jpg Graphic file (type jpg)
<use immagini/onde_5_3_current1.jpg>
Package pdftex.def Info: immagini/onde_5_3_current1.jpg  used on input line 282
.
(pdftex.def)             Requested size: 422.03859pt x 210.05574pt.

Overfull \hbox (62.03859pt too wide) in paragraph at lines 282--283
 [][] 
 []

[68 <./immagini/onde_5_3_voltage1.jpg> <./immagini/onde_5_3_current1.jpg>]
<immagini/onde_5_3_current2.jpg, id=813, 3517.14pt x 1750.54pt>
File: immagini/onde_5_3_current2.jpg Graphic file (type jpg)
<use immagini/onde_5_3_current2.jpg>
Package pdftex.def Info: immagini/onde_5_3_current2.jpg  used on input line 289
.
(pdftex.def)             Requested size: 422.03859pt x 210.05574pt.

Overfull \hbox (62.03859pt too wide) in paragraph at lines 289--290
 [][] 
 []

<immagini/onde_5_3_current3.jpg, id=814, 3517.14pt x 1750.54pt>
File: immagini/onde_5_3_current3.jpg Graphic file (type jpg)
<use immagini/onde_5_3_current3.jpg>
Package pdftex.def Info: immagini/onde_5_3_current3.jpg  used on input line 295
.
(pdftex.def)             Requested size: 422.03859pt x 210.05574pt.

Overfull \hbox (62.03859pt too wide) in paragraph at lines 295--296
 [][] 
 []

[69 <./immagini/onde_5_3_current2.jpg> <./immagini/onde_5_3_current3.jpg>]
[70] [71]

LaTeX Warning: `!h' float specifier changed to `!ht'.

[72]
<immagini/onde_5_4_voltage1.jpg, id=859, 3517.14pt x 1750.54pt>
File: immagini/onde_5_4_voltage1.jpg Graphic file (type jpg)
<use immagini/onde_5_4_voltage1.jpg>
Package pdftex.def Info: immagini/onde_5_4_voltage1.jpg  used on input line 585
.
(pdftex.def)             Requested size: 351.7346pt x 175.06425pt.
<immagini/onde_5_4_voltage2.jpg, id=860, 3517.14pt x 1750.54pt>
File: immagini/onde_5_4_voltage2.jpg Graphic file (type jpg)
<use immagini/onde_5_4_voltage2.jpg>
Package pdftex.def Info: immagini/onde_5_4_voltage2.jpg  used on input line 591
.
(pdftex.def)             Requested size: 351.7346pt x 175.06425pt.
 [73] [74 <./immagini/onde_5_4_voltage1.jpg> <./immagini/onde_5_4_voltage2.jpg>
]
<immagini/onde_5_4_current1.jpg, id=876, 3517.14pt x 1750.54pt>
File: immagini/onde_5_4_current1.jpg Graphic file (type jpg)
<use immagini/onde_5_4_current1.jpg>
Package pdftex.def Info: immagini/onde_5_4_current1.jpg  used on input line 598
.
(pdftex.def)             Requested size: 422.03859pt x 210.05574pt.

Overfull \hbox (62.03859pt too wide) in paragraph at lines 598--599
 [][] 
 []

<immagini/onde_5_4_current2.jpg, id=877, 3517.14pt x 1750.54pt>
File: immagini/onde_5_4_current2.jpg Graphic file (type jpg)
<use immagini/onde_5_4_current2.jpg>
Package pdftex.def Info: immagini/onde_5_4_current2.jpg  used on input line 604
.
(pdftex.def)             Requested size: 422.03859pt x 210.05574pt.

Overfull \hbox (62.03859pt too wide) in paragraph at lines 604--605
 [][] 
 []

[75 <./immagini/onde_5_4_current1.jpg> <./immagini/onde_5_4_current2.jpg>]
<immagini/onde_5_4_current3.jpg, id=882, 3517.14pt x 1750.54pt>
File: immagini/onde_5_4_current3.jpg Graphic file (type jpg)
<use immagini/onde_5_4_current3.jpg>
Package pdftex.def Info: immagini/onde_5_4_current3.jpg  used on input line 611
.
(pdftex.def)             Requested size: 422.03859pt x 210.05574pt.

Overfull \hbox (62.03859pt too wide) in paragraph at lines 611--612
 [][] 
 []

<immagini/TEMP.png, id=885, 642.4pt x 481.8pt>
File: immagini/TEMP.png Graphic file (type png)
<use immagini/TEMP.png>
Package pdftex.def Info: immagini/TEMP.png  used on input line 646.
(pdftex.def)             Requested size: 353.32109pt x 264.99081pt.

Overfull \hbox (15.1749pt too wide) in paragraph at lines 654--669
 [][] 
 []

<immagini/TEMPVT.png, id=888, 642.4pt x 481.8pt>
File: immagini/TEMPVT.png Graphic file (type png)
<use immagini/TEMPVT.png>
Package pdftex.def Info: immagini/TEMPVT.png  used on input line 674.
(pdftex.def)             Requested size: 353.32109pt x 264.99081pt.

Overfull \hbox (3.64659pt too wide) in paragraph at lines 623--678
\OT1/cmr/m/n/10.95 Infine, tram-ite il pro-gramma \OT1/cmr/bx/n/10.95 gnuplot \
OT1/cmr/m/n/10.95 ed uno script ap-pos-it-a-mente realizzato,
 []


LaTeX Warning: `!h' float specifier changed to `!ht'.

[76 <./immagini/onde_5_4_current3.jpg>]

LaTeX Warning: `!h' float specifier changed to `!ht'.

[77 <./immagini/TEMP.png>] [78 <./immagini/TEMPVT.png>]

LaTeX Warning: Command \textonehalf invalid in math mode on input line 689.


Overfull \hbox (4.39781pt too wide) in paragraph at lines 706--721
 [][] 
 []

)
Underfull \hbox (badness 10000) in paragraph at lines 703--84

 []


LaTeX Warning: `!h' float specifier changed to `!ht'.

[79] [80]
\openout2 = `capitoli/lab6.aux'.

 (capitoli/lab6.tex
Chapter 6.

Package hyperref Warning: Token not allowed in a PDF string (PDFDocEncoding):
(hyperref)                removing `\\' on input line 1.

<immagini/pentium.png, id=919, 330.033pt x 324.61275pt>
File: immagini/pentium.png Graphic file (type png)
<use immagini/pentium.png>
Package pdftex.def Info: immagini/pentium.png  used on input line 16.
(pdftex.def)             Requested size: 330.03218pt x 324.61194pt.
[81



]
<immagini/testbench_vhdl1.jpg, id=927, 1135.24126pt x 1606.0pt>
File: immagini/testbench_vhdl1.jpg Graphic file (type jpg)
<use immagini/testbench_vhdl1.jpg>
Package pdftex.def Info: immagini/testbench_vhdl1.jpg  used on input line 31.
(pdftex.def)             Requested size: 340.575pt x 481.80373pt.
<immagini/testbench_vhdl2.jpg, id=928, 1135.24126pt x 1606.0pt>
File: immagini/testbench_vhdl2.jpg Graphic file (type jpg)
<use immagini/testbench_vhdl2.jpg>
Package pdftex.def Info: immagini/testbench_vhdl2.jpg  used on input line 37.
(pdftex.def)             Requested size: 340.575pt x 481.80373pt.
 [82 <./immagini/pentium.png>] [83 <./immagini/testbench_vhdl1.jpg>]

LaTeX Warning: Text page 84 contains only floats.

[84 <./immagini/testbench_vhdl2.jpg>]
<immagini/sim1.jpg, id=945, 1325.95375pt x 539.01375pt>
File: immagini/sim1.jpg Graphic file (type jpg)
<use immagini/sim1.jpg>
Package pdftex.def Info: immagini/sim1.jpg  used on input line 59.
(pdftex.def)             Requested size: 795.5784pt x 323.41074pt.

Overfull \hbox (435.5784pt too wide) in paragraph at lines 59--60
 [][] 
 []


Underfull \hbox (badness 10000) in paragraph at lines 56--73

 []


Underfull \hbox (badness 10000) in paragraph at lines 56--73

 []


Underfull \hbox (badness 10000) in paragraph at lines 56--73

 []


Underfull \hbox (badness 10000) in paragraph at lines 56--73

 []


Underfull \hbox (badness 10000) in paragraph at lines 56--73

 []


Underfull \hbox (badness 10000) in paragraph at lines 56--73

 []


Underfull \hbox (badness 10000) in paragraph at lines 56--73

 []


Underfull \hbox (badness 10000) in paragraph at lines 56--73

 []


Underfull \hbox (badness 10000) in paragraph at lines 56--73

 []


Underfull \hbox (badness 10000) in paragraph at lines 56--73

 []

[85]
<immagini/fsm_lab6.jpg, id=951, 507.69675pt x 280.04625pt>
File: immagini/fsm_lab6.jpg Graphic file (type jpg)
<use immagini/fsm_lab6.jpg>
Package pdftex.def Info: immagini/fsm_lab6.jpg  used on input line 78.
(pdftex.def)             Requested size: 406.15794pt x 224.0373pt.

Overfull \hbox (46.15794pt too wide) in paragraph at lines 78--79
 [][] 
 []


Underfull \hbox (badness 10000) in paragraph at lines 74--120

 []


Underfull \hbox (badness 10000) in paragraph at lines 74--120

 []


Underfull \hbox (badness 10000) in paragraph at lines 74--120

 []


Underfull \hbox (badness 10000) in paragraph at lines 74--120

 []


Underfull \hbox (badness 10000) in paragraph at lines 74--120

 []


Underfull \hbox (badness 10000) in paragraph at lines 74--120

 []


Underfull \hbox (badness 10000) in paragraph at lines 74--120

 []


Underfull \hbox (badness 10000) in paragraph at lines 74--120

 []


Underfull \hbox (badness 10000) in paragraph at lines 74--120

 []


Underfull \hbox (badness 10000) in paragraph at lines 74--120

 []


Underfull \hbox (badness 10000) in paragraph at lines 74--120

 []


Underfull \hbox (badness 10000) in paragraph at lines 74--120

 []

[86 <./immagini/sim1.jpg>] [87 <./immagini/fsm_lab6.jpg>] [88]
Underfull \hbox (badness 10000) in paragraph at lines 124--148

 []


Underfull \hbox (badness 10000) in paragraph at lines 124--148

 []


Underfull \hbox (badness 10000) in paragraph at lines 124--148

 []


Underfull \hbox (badness 10000) in paragraph at lines 124--148

 []


Underfull \hbox (badness 10000) in paragraph at lines 124--148

 []


Underfull \hbox (badness 10000) in paragraph at lines 124--148

 []

[89]
Underfull \hbox (badness 10000) in paragraph at lines 157--247

 []


Overfull \hbox (103.77884pt too wide) in paragraph at lines 157--247
\OT1/cmr/m/n/10.95 RandomInputBinary = ('0:0lb'.format((RandomInputInteger),l=G
enericsAssignedValue[i])) 
 []


Underfull \hbox (badness 10000) in paragraph at lines 157--247

 []


Underfull \hbox (badness 10000) in paragraph at lines 157--247

 []


Underfull \hbox (badness 10000) in paragraph at lines 157--247

 []


Underfull \hbox (badness 10000) in paragraph at lines 157--247

 []


Underfull \hbox (badness 10000) in paragraph at lines 157--247

 []


Overfull \hbox (6.09485pt too wide) in paragraph at lines 157--247
\OT1/cmr/m/n/10.95 sultati, sono stati con-front-ati in modo or-dinato i valori
 \OT1/cmr/m/it/10.95 Out-puts-Decimal[]
 []


Overfull \hbox (18.00249pt too wide) in paragraph at lines 157--247
\OT1/cmr/m/n/10.95 proveni-enti dalla sim-ulazione con quelli di rifer-i-mento 
sal-vati in \OT1/cmr/m/it/10.95 Py[]results[]
 []


Underfull \hbox (badness 10000) in paragraph at lines 157--247

 []


Underfull \hbox (badness 10000) in paragraph at lines 157--247

 []


Underfull \hbox (badness 10000) in paragraph at lines 157--247

 []


Underfull \hbox (badness 10000) in paragraph at lines 157--247

 []


Underfull \hbox (badness 10000) in paragraph at lines 157--247

 []

[90] [91] [92] [93]
Underfull \hbox (badness 10000) in paragraph at lines 248--250

 []


Underfull \hbox (badness 10000) in paragraph at lines 250--279

 []

[94]

! LaTeX Error: There's no line here to end.

See the LaTeX manual or LaTeX Companion for explanation.
Type  H <return>  for immediate help.
 ...                                              
                                                  
l.283 L
       e parti 2 e 3 sono gi state fornite, il file completo  comunque d...

Your command was ignored.
Type  I <command> <return>  to replace it with another command,
or  <return>  to continue without it.


Underfull \hbox (badness 10000) in paragraph at lines 283--285

 []

[95]) [96]

Package caption Warning: Unused \captionsetup[sub] on input line 40.
See the caption package documentation for explanation.


! LaTeX Error: \begin{itemize} on input line 152 ended by \end{document}.

See the LaTeX manual or LaTeX Companion for explanation.
Type  H <return>  for immediate help.
 ...                                              
                                                  
l.88 \end{document}
                   
Your command was ignored.
Type  I <command> <return>  to replace it with another command,
or  <return>  to continue without it.

Package atveryend Info: Empty hook `BeforeClearDocument' on input line 88.
Package atveryend Info: Empty hook `AfterLastShipout' on input line 88.
(main.aux (capitoli/0-frontespizio.aux) (capitoli/lab1.aux) (capitoli/lab2.aux)
(capitoli/lab3.aux) (capitoli/lab4.aux) (capitoli/lab5.aux) (capitoli/lab6.aux)
)
Package atveryend Info: Executing hook `AtVeryEndDocument' on input line 88.
Package atveryend Info: Executing hook `AtEndAfterFileList' on input line 88.
Package rerunfilecheck Info: File `main.out' has not changed.
(rerunfilecheck)             Checksum: 59DFA397A3233A4C8CFB6A13B247C99F;3111.


LaTeX Warning: There were undefined references.


LaTeX Warning: There were multiply-defined labels.

Package atveryend Info: Empty hook `AtVeryVeryEnd' on input line 88.
 )
(\end occurred inside a group at level 2)

### semi simple group (level 2) entered at line 152 (\begingroup)
### semi simple group (level 1) entered at line 62 (\begingroup)
### bottom level 
Here is how much of TeX's memory you used:
 24490 strings out of 492946
 447817 string characters out of 3126266
 683977 words of memory out of 3000000
 27694 multiletter control sequences out of 15000+200000
 550939 words of font info for 91 fonts, out of 3000000 for 9000
 1141 hyphenation exceptions out of 8191
 42i,12n,63p,707b,1250s stack positions out of 5000i,500n,10000p,200000b,50000s
<C:/Users/Raffo/AppData/Local/Programs/MiKTeX 2.9/fonts/type1/p
ublic/amsfonts/cm/cmbx10.pfb><C:/Users/Raffo/AppData/Local/Programs/MiKTeX 2.9/
fonts/type1/public/amsfonts/cm/cmbx12.pfb><C:/Users/Raffo/AppData/Local/Program
s/MiKTeX 2.9/fonts/type1/public/amsfonts/cm/cmbx9.pfb><C:/Users/Raffo/AppData/L
ocal/Programs/MiKTeX 2.9/fonts/type1/public/amsfonts/cm/cmex10.pfb><C:/Users/Ra
ffo/AppData/Local/Programs/MiKTeX 2.9/fonts/type1/public/amsfonts/cm/cmmi10.pfb
><C:/Users/Raffo/AppData/Local/Programs/MiKTeX 2.9/fonts/type1/public/amsfonts/
cm/cmmi6.pfb><C:/Users/Raffo/AppData/Local/Programs/MiKTeX 2.9/fonts/type1/publ
ic/amsfonts/cm/cmmi8.pfb><C:/Users/Raffo/AppData/Local/Programs/MiKTeX 2.9/font
s/type1/public/amsfonts/cm/cmmi9.pfb><C:/Users/Raffo/AppData/Local/Programs/MiK
TeX 2.9/fonts/type1/public/amsfonts/cm/cmr10.pfb><C:/Users/Raffo/AppData/Local/
Programs/MiKTeX 2.9/fonts/type1/public/amsfonts/cm/cmr17.pfb><C:/Users/Raffo/Ap
pData/Local/Programs/MiKTeX 2.9/fonts/type1/public/amsfonts/cm/cmr6.pfb><C:/Use
rs/Raffo/AppData/Local/Programs/MiKTeX 2.9/fonts/type1/public/amsfonts/cm/cmr8.
pfb><C:/Users/Raffo/AppData/Local/Programs/MiKTeX 2.9/fonts/type1/public/amsfon
ts/cm/cmr9.pfb><C:/Users/Raffo/AppData/Local/Programs/MiKTeX 2.9/fonts/type1/pu
blic/amsfonts/cm/cmss17.pfb><C:/Users/Raffo/AppData/Local/Programs/MiKTeX 2.9/f
onts/type1/public/amsfonts/cm/cmsy10.pfb><C:/Users/Raffo/AppData/Local/Programs
/MiKTeX 2.9/fonts/type1/public/amsfonts/cm/cmsy6.pfb><C:/Users/Raffo/AppData/Lo
cal/Programs/MiKTeX 2.9/fonts/type1/public/amsfonts/cm/cmsy8.pfb><C:/Users/Raff
o/AppData/Local/Programs/MiKTeX 2.9/fonts/type1/public/amsfonts/cm/cmsy9.pfb><C
:/Users/Raffo/AppData/Local/Programs/MiKTeX 2.9/fonts/type1/public/amsfonts/cm/
cmti10.pfb><C:/Users/Raffo/AppData/Local/Programs/MiKTeX 2.9/fonts/type1/public
/amsfonts/cm/cmti12.pfb><C:/Users/Raffo/AppData/Local/Programs/MiKTeX 2.9/fonts
/type1/public/amsfonts/cm/cmti9.pfb>
Output written on main.pdf (99 pages, 11759311 bytes).
PDF statistics:
 1127 PDF objects out of 1200 (max. 8388607)
 280 named destinations out of 1000 (max. 500000)
 695 words of extra memory for PDF output out of 10000 (max. 10000000)

