This is pdfTeX, Version 3.14159265-2.6-1.40.19 (MiKTeX 2.9.6840 64-bit) (preloaded format=pdflatex 2019.1.2)  25 MAR 2019 10:32
entering extended mode
**./0-frontespizio.tex
(0-frontespizio.tex
LaTeX2e <2018-04-01> patch level 5

! LaTeX Error: Environment titlepage undefined.

See the LaTeX manual or LaTeX Companion for explanation.
Type  H <return>  for immediate help.
 ...                                              
                                                  
l.1 \begin{titlepage}
                     
Your command was ignored.
Type  I <command> <return>  to replace it with another command,
or  <return>  to continue without it.


! LaTeX Error: Missing \begin{document}.

See the LaTeX manual or LaTeX Companion for explanation.
Type  H <return>  for immediate help.
 ...                                              
                                                  
l.5 	\center
             % Center everything on the page
You're in trouble here.  Try typing  <return>  to proceed.
If that doesn't work, type  X <return>  to quit.


Overfull \hbox (20.0pt too wide) in paragraph at lines 5--5
[] 
 []

! Undefined control sequence.
l.10 	\includegraphics
                      [height=4cm]{immagini/polito.jpg}\\[1cm] % Include a d...
The control sequence at the end of the top line
of your error message was never \def'ed. If you have
misspelled it (e.g., `\hobx'), type `I' and the correct
spelling (e.g., `I\hbox'). Otherwise just continue,
and I'll forget about whatever was undefined.

Missing character: There is no [ in font nullfont!
Missing character: There is no h in font nullfont!
Missing character: There is no e in font nullfont!
Missing character: There is no i in font nullfont!
Missing character: There is no g in font nullfont!
Missing character: There is no h in font nullfont!
Missing character: There is no t in font nullfont!
Missing character: There is no = in font nullfont!
Missing character: There is no 4 in font nullfont!
Missing character: There is no c in font nullfont!
Missing character: There is no m in font nullfont!
Missing character: There is no ] in font nullfont!
Missing character: There is no i in font nullfont!
Missing character: There is no m in font nullfont!
Missing character: There is no m in font nullfont!
Missing character: There is no a in font nullfont!
Missing character: There is no g in font nullfont!
Missing character: There is no i in font nullfont!
Missing character: There is no n in font nullfont!
Missing character: There is no i in font nullfont!
Missing character: There is no / in font nullfont!
Missing character: There is no p in font nullfont!
Missing character: There is no o in font nullfont!
Missing character: There is no l in font nullfont!
Missing character: There is no i in font nullfont!
Missing character: There is no t in font nullfont!
Missing character: There is no o in font nullfont!
Missing character: There is no . in font nullfont!
Missing character: There is no j in font nullfont!
Missing character: There is no p in font nullfont!
Missing character: There is no g in font nullfont!
! Undefined control sequence.
<argument> {\Large 
                   Laurea Magistrale in Ingegneria Elettronica}
l.16 ...rea Magistrale in Ingegneria Elettronica}}
                                                  \\[0.25cm]
The control sequence at the end of the top line
of your error message was never \def'ed. If you have
misspelled it (e.g., `\hobx'), type `I' and the correct
spelling (e.g., `I\hbox'). Otherwise just continue,
and I'll forget about whatever was undefined.


Overfull \hbox (29.1442pt too wide) in paragraph at lines 16--16
 []\OT1/cmr/m/it/10 Laurea 
 []


Overfull \hbox (29.41092pt too wide) in paragraph at lines 16--16
 \OT1/cmr/m/it/10 Magis- 
 []


Overfull \hbox (19.29428pt too wide) in paragraph at lines 16--16
 \OT1/cmr/m/it/10 trale 
 []


Overfull \hbox (8.68884pt too wide) in paragraph at lines 16--16
 \OT1/cmr/m/it/10 in 
 []


Overfull \hbox (13.05547pt too wide) in paragraph at lines 16--16
 \OT1/cmr/m/it/10 In- 
 []


Overfull \hbox (16.8665pt too wide) in paragraph at lines 16--16
 \OT1/cmr/m/it/10 geg- 
 []


Overfull \hbox (13.7999pt too wide) in paragraph at lines 16--16
 \OT1/cmr/m/it/10 ne- 
 []


Overfull \hbox (12.39436pt too wide) in paragraph at lines 16--16
 \OT1/cmr/m/it/10 ria 
 []


Overfull \hbox (20.83873pt too wide) in paragraph at lines 16--16
 \OT1/cmr/m/it/10 Elet- 
 []


Overfull \hbox (21.33871pt too wide) in paragraph at lines 16--16
 \OT1/cmr/m/it/10 tron- 
 []


Overfull \hbox (13.0337pt too wide) in paragraph at lines 16--16
 \OT1/cmr/m/it/10 ica 
 []

! Undefined control sequence.
<argument> {\large 
                   Academic Year 2018/2019}
l.17 	\emph{{\large Academic Year 2018/2019}}
                                             \\[0.5cm] % Minor heading such ...
The control sequence at the end of the top line
of your error message was never \def'ed. If you have
misspelled it (e.g., `\hobx'), type `I' and the correct
spelling (e.g., `I\hbox'). Otherwise just continue,
and I'll forget about whatever was undefined.


Overfull \hbox (41.67747pt too wide) in paragraph at lines 17--17
 []\OT1/cmr/m/it/10 Academic 
 []


Overfull \hbox (20.08318pt too wide) in paragraph at lines 17--17
 \OT1/cmr/m/it/10 Year 
 []


Overfull \hbox (47.35532pt too wide) in paragraph at lines 17--17
 \OT1/cmr/m/it/10 2018/2019 
 []

! Undefined control sequence.
l.18 	{\huge
            \LARGE Sistemi Elettronici a basso consumo}\\[0.5cm] % Major hea...
The control sequence at the end of the top line
of your error message was never \def'ed. If you have
misspelled it (e.g., `\hobx'), type `I' and the correct
spelling (e.g., `I\hbox'). Otherwise just continue,
and I'll forget about whatever was undefined.

! Undefined control sequence.
l.18 	{\huge\LARGE
                   Sistemi Elettronici a basso consumo}\\[0.5cm] % Major hea...
The control sequence at the end of the top line
of your error message was never \def'ed. If you have
misspelled it (e.g., `\hobx'), type `I' and the correct
spelling (e.g., `I\hbox'). Otherwise just continue,
and I'll forget about whatever was undefined.

Missing character: There is no S in font nullfont!
Missing character: There is no i in font nullfont!
Missing character: There is no s in font nullfont!
Missing character: There is no t in font nullfont!
Missing character: There is no e in font nullfont!
Missing character: There is no m in font nullfont!
Missing character: There is no i in font nullfont!
Missing character: There is no E in font nullfont!
Missing character: There is no l in font nullfont!
Missing character: There is no e in font nullfont!
Missing character: There is no t in font nullfont!
Missing character: There is no t in font nullfont!
Missing character: There is no r in font nullfont!
Missing character: There is no o in font nullfont!
Missing character: There is no n in font nullfont!
Missing character: There is no i in font nullfont!
Missing character: There is no c in font nullfont!
Missing character: There is no i in font nullfont!
Missing character: There is no a in font nullfont!
Missing character: There is no b in font nullfont!
Missing character: There is no a in font nullfont!
Missing character: There is no s in font nullfont!
Missing character: There is no s in font nullfont!
Missing character: There is no o in font nullfont!
Missing character: There is no c in font nullfont!
Missing character: There is no o in font nullfont!
Missing character: There is no n in font nullfont!
Missing character: There is no s in font nullfont!
Missing character: There is no u in font nullfont!
Missing character: There is no m in font nullfont!
Missing character: There is no o in font nullfont!

Overfull \hbox (20.06097pt too wide) in paragraph at lines 19--19
 []\OT1/cmr/m/it/10 prof. 
 []


Overfull \hbox (23.02208pt too wide) in paragraph at lines 19--19
 \OT1/cmr/m/it/10 Mau- 
 []


Overfull \hbox (7.79437pt too wide) in paragraph at lines 19--19
 \OT1/cmr/m/it/10 r- 
 []


Overfull \hbox (15.33325pt too wide) in paragraph at lines 19--19
 \OT1/cmr/m/it/10 izio 
 []


Overfull \hbox (22.99985pt too wide) in paragraph at lines 19--19
 \OT1/cmr/m/it/10 Zam- 
 []


Overfull \hbox (18.90771pt too wide) in paragraph at lines 19--19
 \OT1/cmr/m/it/10 boni 
 []

! Undefined control sequence.
l.27 	{ \Huge
              \textsf{Relazione Laboratori}}\\[0.7 cm] % Title of your document
The control sequence at the end of the top line
of your error message was never \def'ed. If you have
misspelled it (e.g., `\hobx'), type `I' and the correct
spelling (e.g., `I\hbox'). Otherwise just continue,
and I'll forget about whatever was undefined.


Overfull \hbox (39.4445pt too wide) in paragraph at lines 27--27
 []\OT1/cmss/m/n/10 Relazione 
 []


Overfull \hbox (18.72226pt too wide) in paragraph at lines 27--27
 \OT1/cmss/m/n/10 Lab- 
 []


Overfull \hbox (8.33334pt too wide) in paragraph at lines 27--27
 \OT1/cmss/m/n/10 o- 
 []


Overfull \hbox (11.55559pt too wide) in paragraph at lines 27--27
 \OT1/cmss/m/n/10 ra- 
 []


Overfull \hbox (14.13892pt too wide) in paragraph at lines 27--27
 \OT1/cmss/m/n/10 tori 
 []

Missing character: There is no C in font nullfont!
Missing character: There is no a in font nullfont!
Missing character: There is no r in font nullfont!
Missing character: There is no m in font nullfont!
Missing character: There is no e in font nullfont!
Missing character: There is no l in font nullfont!
Missing character: There is no o in font nullfont!
Missing character: There is no M in font nullfont!
Missing character: There is no u in font nullfont!
Missing character: There is no s in font nullfont!
Missing character: There is no c in font nullfont!
Missing character: There is no a in font nullfont!
Missing character: There is no 2 in font nullfont!
Missing character: There is no 6 in font nullfont!
Missing character: There is no 5 in font nullfont!
Missing character: There is no 8 in font nullfont!
Missing character: There is no 7 in font nullfont!
Missing character: There is no 4 in font nullfont!
Missing character: There is no G in font nullfont!
Missing character: There is no i in font nullfont!
Missing character: There is no u in font nullfont!
Missing character: There is no l in font nullfont!
Missing character: There is no i in font nullfont!
Missing character: There is no o in font nullfont!
Missing character: There is no P in font nullfont!
Missing character: There is no e in font nullfont!
Missing character: There is no c in font nullfont!
Missing character: There is no o in font nullfont!
Missing character: There is no r in font nullfont!
Missing character: There is no a in font nullfont!
Missing character: There is no r in font nullfont!
Missing character: There is no o in font nullfont!
Missing character: There is no 2 in font nullfont!
Missing character: There is no 6 in font nullfont!
Missing character: There is no 6 in font nullfont!
Missing character: There is no 3 in font nullfont!
Missing character: There is no 9 in font nullfont!
Missing character: There is no 1 in font nullfont!
Missing character: There is no L in font nullfont!
Missing character: There is no u in font nullfont!
Missing character: There is no i in font nullfont!
Missing character: There is no g in font nullfont!
Missing character: There is no i in font nullfont!
Missing character: There is no M in font nullfont!
Missing character: There is no a in font nullfont!
Missing character: There is no s in font nullfont!
Missing character: There is no s in font nullfont!
Missing character: There is no a in font nullfont!
Missing character: There is no r in font nullfont!
Missing character: There is no i in font nullfont!
Missing character: There is no 2 in font nullfont!
Missing character: There is no 6 in font nullfont!
Missing character: There is no 5 in font nullfont!
Missing character: There is no 3 in font nullfont!
Missing character: There is no 9 in font nullfont!
Missing character: There is no 6 in font nullfont!
Missing character: There is no N in font nullfont!
Missing character: There is no i in font nullfont!
Missing character: There is no c in font nullfont!
Missing character: There is no o in font nullfont!
Missing character: There is no l in font nullfont!
Missing character: There is no a in font nullfont!
Missing character: There is no S in font nullfont!
Missing character: There is no i in font nullfont!
Missing character: There is no r in font nullfont!
Missing character: There is no i in font nullfont!
Missing character: There is no g in font nullfont!
Missing character: There is no u in font nullfont!
Missing character: There is no 2 in font nullfont!
Missing character: There is no 6 in font nullfont!
Missing character: There is no 3 in font nullfont!
Missing character: There is no 7 in font nullfont!
Missing character: There is no 2 in font nullfont!
Missing character: There is no 1 in font nullfont!

! LaTeX Error: \begin{document} ended by \end{titlepage}.

See the LaTeX manual or LaTeX Companion for explanation.
Type  H <return>  for immediate help.
 ...                                              
                                                  
l.48 \end{titlepage}
                    
Your command was ignored.
Type  I <command> <return>  to replace it with another command,
or  <return>  to continue without it.

)
! Emergency stop.
<*> ./0-frontespizio.tex
                        
*** (job aborted, no legal \end found)

 
Here is how much of TeX's memory you used:
 16 strings out of 492970
 339 string characters out of 3123041
 57201 words of memory out of 3000000
 3987 multiletter control sequences out of 15000+200000
 4291 words of font info for 16 fonts, out of 3000000 for 9000
 1141 hyphenation exceptions out of 8191
 14i,1n,10p,161b,115s stack positions out of 5000i,500n,10000p,200000b,50000s
!  ==> Fatal error occurred, no output PDF file produced!
